Analysis & Synthesis report for Chronometer
Mon May 01 18:50:42 2017
Quartus Prime Version 15.1.1 Build 189 12/02/2015 SJ Lite Edition


---------------------
; Table of Contents ;
---------------------
  1. Legal Notice
  2. Analysis & Synthesis Summary
  3. Analysis & Synthesis Settings
  4. Parallel Compilation
  5. Analysis & Synthesis Source Files Read
  6. Analysis & Synthesis Resource Usage Summary
  7. Analysis & Synthesis Resource Utilization by Entity
  8. State Machine - |Chronometer|ControlUnit:inst|s_currentState
  9. General Register Statistics
 10. Multiplexer Restructuring Statistics (Restructuring Performed)
 11. Parameter Settings for User Entity Instance: RegN:freeze_register
 12. Parameter Settings for User Entity Instance: ClkDividerN:clk_divider_50
 13. Parameter Settings for User Entity Instance: DebounceUnit:statop_debouncer
 14. Parameter Settings for User Entity Instance: DebounceUnit:laprst_debouncer
 15. Parameter Settings for User Entity Instance: PulseGeneratorN:pulse_generator
 16. Parameter Settings for Inferred Entity Instance: PulseGeneratorN:pulse_generator|lpm_divide:Mod0
 17. Post-Synthesis Netlist Statistics for Top Partition
 18. Elapsed Time Per Partition
 19. Analysis & Synthesis Messages



----------------
; Legal Notice ;
----------------
Copyright (C) 1991-2015 Altera Corporation. All rights reserved.
Your use of Altera Corporation's design tools, logic functions 
and other software and tools, and its AMPP partner logic 
functions, and any output files from any of the foregoing 
(including device programming or simulation files), and any 
associated documentation or information are expressly subject 
to the terms and conditions of the Altera Program License 
Subscription Agreement, the Altera Quartus Prime License Agreement,
the Altera MegaCore Function License Agreement, or other 
applicable license agreement, including, without limitation, 
that your use is for the sole purpose of programming logic 
devices manufactured by Altera and sold by Altera or its 
authorized distributors.  Please refer to the applicable 
agreement for further details.



+----------------------------------------------------------------------------------+
; Analysis & Synthesis Summary                                                     ;
+------------------------------------+---------------------------------------------+
; Analysis & Synthesis Status        ; Successful - Mon May 01 18:50:42 2017       ;
; Quartus Prime Version              ; 15.1.1 Build 189 12/02/2015 SJ Lite Edition ;
; Revision Name                      ; Chronometer                                 ;
; Top-level Entity Name              ; Chronometer                                 ;
; Family                             ; Cyclone IV E                                ;
; Total logic elements               ; 558                                         ;
;     Total combinational functions  ; 540                                         ;
;     Dedicated logic registers      ; 104                                         ;
; Total registers                    ; 104                                         ;
; Total pins                         ; 34                                          ;
; Total virtual pins                 ; 0                                           ;
; Total memory bits                  ; 0                                           ;
; Embedded Multiplier 9-bit elements ; 0                                           ;
; Total PLLs                         ; 0                                           ;
+------------------------------------+---------------------------------------------+


+----------------------------------------------------------------------------------------------------------------------+
; Analysis & Synthesis Settings                                                                                        ;
+----------------------------------------------------------------------------+--------------------+--------------------+
; Option                                                                     ; Setting            ; Default Value      ;
+----------------------------------------------------------------------------+--------------------+--------------------+
; Device                                                                     ; EP4CE115F29C7      ;                    ;
; Top-level entity name                                                      ; Chronometer        ; Chronometer        ;
; Family name                                                                ; Cyclone IV E       ; Cyclone V          ;
; Use smart compilation                                                      ; Off                ; Off                ;
; Enable parallel Assembler and TimeQuest Timing Analyzer during compilation ; On                 ; On                 ;
; Enable compact report table                                                ; Off                ; Off                ;
; Restructure Multiplexers                                                   ; Auto               ; Auto               ;
; Create Debugging Nodes for IP Cores                                        ; Off                ; Off                ;
; Preserve fewer node names                                                  ; On                 ; On                 ;
; Disable OpenCore Plus hardware evaluation                                  ; Off                ; Off                ;
; Verilog Version                                                            ; Verilog_2001       ; Verilog_2001       ;
; VHDL Version                                                               ; VHDL_1993          ; VHDL_1993          ;
; State Machine Processing                                                   ; Auto               ; Auto               ;
; Safe State Machine                                                         ; Off                ; Off                ;
; Extract Verilog State Machines                                             ; On                 ; On                 ;
; Extract VHDL State Machines                                                ; On                 ; On                 ;
; Ignore Verilog initial constructs                                          ; Off                ; Off                ;
; Iteration limit for constant Verilog loops                                 ; 5000               ; 5000               ;
; Iteration limit for non-constant Verilog loops                             ; 250                ; 250                ;
; Add Pass-Through Logic to Inferred RAMs                                    ; On                 ; On                 ;
; Infer RAMs from Raw Logic                                                  ; On                 ; On                 ;
; Parallel Synthesis                                                         ; On                 ; On                 ;
; DSP Block Balancing                                                        ; Auto               ; Auto               ;
; NOT Gate Push-Back                                                         ; On                 ; On                 ;
; Power-Up Don't Care                                                        ; On                 ; On                 ;
; Remove Redundant Logic Cells                                               ; Off                ; Off                ;
; Remove Duplicate Registers                                                 ; On                 ; On                 ;
; Ignore CARRY Buffers                                                       ; Off                ; Off                ;
; Ignore CASCADE Buffers                                                     ; Off                ; Off                ;
; Ignore GLOBAL Buffers                                                      ; Off                ; Off                ;
; Ignore ROW GLOBAL Buffers                                                  ; Off                ; Off                ;
; Ignore LCELL Buffers                                                       ; Off                ; Off                ;
; Ignore SOFT Buffers                                                        ; On                 ; On                 ;
; Limit AHDL Integers to 32 Bits                                             ; Off                ; Off                ;
; Optimization Technique                                                     ; Balanced           ; Balanced           ;
; Carry Chain Length                                                         ; 70                 ; 70                 ;
; Auto Carry Chains                                                          ; On                 ; On                 ;
; Auto Open-Drain Pins                                                       ; On                 ; On                 ;
; Perform WYSIWYG Primitive Resynthesis                                      ; Off                ; Off                ;
; Auto ROM Replacement                                                       ; On                 ; On                 ;
; Auto RAM Replacement                                                       ; On                 ; On                 ;
; Auto DSP Block Replacement                                                 ; On                 ; On                 ;
; Auto Shift Register Replacement                                            ; Auto               ; Auto               ;
; Allow Shift Register Merging across Hierarchies                            ; Auto               ; Auto               ;
; Auto Clock Enable Replacement                                              ; On                 ; On                 ;
; Strict RAM Replacement                                                     ; Off                ; Off                ;
; Allow Synchronous Control Signals                                          ; On                 ; On                 ;
; Force Use of Synchronous Clear Signals                                     ; Off                ; Off                ;
; Auto RAM Block Balancing                                                   ; On                 ; On                 ;
; Auto RAM to Logic Cell Conversion                                          ; Off                ; Off                ;
; Auto Resource Sharing                                                      ; Off                ; Off                ;
; Allow Any RAM Size For Recognition                                         ; Off                ; Off                ;
; Allow Any ROM Size For Recognition                                         ; Off                ; Off                ;
; Allow Any Shift Register Size For Recognition                              ; Off                ; Off                ;
; Use LogicLock Constraints during Resource Balancing                        ; On                 ; On                 ;
; Ignore translate_off and synthesis_off directives                          ; Off                ; Off                ;
; Timing-Driven Synthesis                                                    ; On                 ; On                 ;
; Report Parameter Settings                                                  ; On                 ; On                 ;
; Report Source Assignments                                                  ; On                 ; On                 ;
; Report Connectivity Checks                                                 ; On                 ; On                 ;
; Ignore Maximum Fan-Out Assignments                                         ; Off                ; Off                ;
; Synchronization Register Chain Length                                      ; 2                  ; 2                  ;
; PowerPlay Power Optimization During Synthesis                              ; Normal compilation ; Normal compilation ;
; HDL message level                                                          ; Level2             ; Level2             ;
; Suppress Register Optimization Related Messages                            ; Off                ; Off                ;
; Number of Removed Registers Reported in Synthesis Report                   ; 5000               ; 5000               ;
; Number of Swept Nodes Reported in Synthesis Report                         ; 5000               ; 5000               ;
; Number of Inverted Registers Reported in Synthesis Report                  ; 100                ; 100                ;
; Clock MUX Protection                                                       ; On                 ; On                 ;
; Auto Gated Clock Conversion                                                ; Off                ; Off                ;
; Block Design Naming                                                        ; Auto               ; Auto               ;
; SDC constraint protection                                                  ; Off                ; Off                ;
; Synthesis Effort                                                           ; Auto               ; Auto               ;
; Shift Register Replacement - Allow Asynchronous Clear Signal               ; On                 ; On                 ;
; Pre-Mapping Resynthesis Optimization                                       ; Off                ; Off                ;
; Analysis & Synthesis Message Level                                         ; Medium             ; Medium             ;
; Disable Register Merging Across Hierarchies                                ; Auto               ; Auto               ;
; Resource Aware Inference For Block RAM                                     ; On                 ; On                 ;
; Synthesis Seed                                                             ; 1                  ; 1                  ;
+----------------------------------------------------------------------------+--------------------+--------------------+


Parallel compilation was disabled, but you have multiple processors available. Enable parallel compilation to reduce compilation time.
+-------------------------------------+
; Parallel Compilation                ;
+----------------------------+--------+
; Processors                 ; Number ;
+----------------------------+--------+
; Number detected on machine ; 8      ;
; Maximum allowed            ; 1      ;
+----------------------------+--------+


+------------------------------------------------------------------------------------------------------------------------------------------------------------------------+
; Analysis & Synthesis Source Files Read                                                                                                                                 ;
+----------------------------------+-----------------+------------------------------------+--------------------------------------------------------------------+---------+
; File Name with User-Entered Path ; Used in Netlist ; File Type                          ; File Name with Absolute Path                                       ; Library ;
+----------------------------------+-----------------+------------------------------------+--------------------------------------------------------------------+---------+
; Chronometer.bdf                  ; yes             ; User Block Diagram/Schematic File  ; C:/altera/docs/Aula8/Parte1/Chronometer.bdf                        ;         ;
; RegN.vhd                         ; yes             ; User VHDL File                     ; C:/altera/docs/Aula8/Parte1/RegN.vhd                               ;         ;
; PulseGeneratorN.vhd              ; yes             ; User VHDL File                     ; C:/altera/docs/Aula8/Parte1/PulseGeneratorN.vhd                    ;         ;
; DebounceUnit.vhd                 ; yes             ; User VHDL File                     ; C:/altera/docs/Aula8/Parte1/DebounceUnit.vhd                       ;         ;
; ControlUnit.vhd                  ; yes             ; User VHDL File                     ; C:/altera/docs/Aula8/Parte1/ControlUnit.vhd                        ;         ;
; CntBCDUp4.vhd                    ; yes             ; User VHDL File                     ; C:/altera/docs/Aula8/Parte1/CntBCDUp4.vhd                          ;         ;
; ClkDividerN.vhd                  ; yes             ; User VHDL File                     ; C:/altera/docs/Aula8/Parte1/ClkDividerN.vhd                        ;         ;
; Bin7SegDecoder.vhd               ; yes             ; User VHDL File                     ; C:/altera/docs/Aula8/Parte1/Bin7SegDecoder.vhd                     ;         ;
; lpm_divide.tdf                   ; yes             ; Megafunction                       ; c:/altera/15.1/quartus/libraries/megafunctions/lpm_divide.tdf      ;         ;
; abs_divider.inc                  ; yes             ; Megafunction                       ; c:/altera/15.1/quartus/libraries/megafunctions/abs_divider.inc     ;         ;
; sign_div_unsign.inc              ; yes             ; Megafunction                       ; c:/altera/15.1/quartus/libraries/megafunctions/sign_div_unsign.inc ;         ;
; aglobal151.inc                   ; yes             ; Megafunction                       ; c:/altera/15.1/quartus/libraries/megafunctions/aglobal151.inc      ;         ;
; db/lpm_divide_ecm.tdf            ; yes             ; Auto-Generated Megafunction        ; C:/altera/docs/Aula8/Parte1/db/lpm_divide_ecm.tdf                  ;         ;
; db/sign_div_unsign_3nh.tdf       ; yes             ; Auto-Generated Megafunction        ; C:/altera/docs/Aula8/Parte1/db/sign_div_unsign_3nh.tdf             ;         ;
; db/alt_u_div_q9f.tdf             ; yes             ; Auto-Generated Megafunction        ; C:/altera/docs/Aula8/Parte1/db/alt_u_div_q9f.tdf                   ;         ;
; db/add_sub_7pc.tdf               ; yes             ; Auto-Generated Megafunction        ; C:/altera/docs/Aula8/Parte1/db/add_sub_7pc.tdf                     ;         ;
; db/add_sub_8pc.tdf               ; yes             ; Auto-Generated Megafunction        ; C:/altera/docs/Aula8/Parte1/db/add_sub_8pc.tdf                     ;         ;
+----------------------------------+-----------------+------------------------------------+--------------------------------------------------------------------+---------+


+---------------------------------------------------------------------------------+
; Analysis & Synthesis Resource Usage Summary                                     ;
+---------------------------------------------+-----------------------------------+
; Resource                                    ; Usage                             ;
+---------------------------------------------+-----------------------------------+
; Estimated Total logic elements              ; 558                               ;
;                                             ;                                   ;
; Total combinational functions               ; 540                               ;
; Logic element usage by number of LUT inputs ;                                   ;
;     -- 4 input functions                    ; 187                               ;
;     -- 3 input functions                    ; 122                               ;
;     -- <=2 input functions                  ; 231                               ;
;                                             ;                                   ;
; Logic elements by mode                      ;                                   ;
;     -- normal mode                          ; 393                               ;
;     -- arithmetic mode                      ; 147                               ;
;                                             ;                                   ;
; Total registers                             ; 104                               ;
;     -- Dedicated logic registers            ; 104                               ;
;     -- I/O registers                        ; 0                                 ;
;                                             ;                                   ;
; I/O pins                                    ; 34                                ;
;                                             ;                                   ;
; Embedded Multiplier 9-bit elements          ; 0                                 ;
;                                             ;                                   ;
; Maximum fan-out node                        ; ClkDividerN:clk_divider_50|clkOut ;
; Maximum fan-out                             ; 96                                ;
; Total fan-out                               ; 1916                              ;
; Average fan-out                             ; 2.69                              ;
+---------------------------------------------+-----------------------------------+


+---------------------------------------------------------------------------------------------------------------------------------------------------------------------------------------------------------------------------------------------------------------------------------------------------------------------+
; Analysis & Synthesis Resource Utilization by Entity                                                                                                                                                                                                                                                                 ;
+-------------------------------------------+-------------------+--------------+-------------+--------------+---------+-----------+------+--------------+----------------------------------------------------------------------------------------------------------------------------------------------+--------------+
; Compilation Hierarchy Node                ; LC Combinationals ; LC Registers ; Memory Bits ; DSP Elements ; DSP 9x9 ; DSP 18x18 ; Pins ; Virtual Pins ; Full Hierarchy Name                                                                                                                          ; Library Name ;
+-------------------------------------------+-------------------+--------------+-------------+--------------+---------+-----------+------+--------------+----------------------------------------------------------------------------------------------------------------------------------------------+--------------+
; |Chronometer                              ; 540 (0)           ; 104 (0)      ; 0           ; 0            ; 0       ; 0         ; 34   ; 0            ; |Chronometer                                                                                                                                 ; work         ;
;    |Bin7SegDecoder:disp_0_decoder|        ; 7 (7)             ; 0 (0)        ; 0           ; 0            ; 0       ; 0         ; 0    ; 0            ; |Chronometer|Bin7SegDecoder:disp_0_decoder                                                                                                   ; work         ;
;    |Bin7SegDecoder:disp_1_decoder|        ; 7 (7)             ; 0 (0)        ; 0           ; 0            ; 0       ; 0         ; 0    ; 0            ; |Chronometer|Bin7SegDecoder:disp_1_decoder                                                                                                   ; work         ;
;    |Bin7SegDecoder:disp_2_decoder|        ; 7 (7)             ; 0 (0)        ; 0           ; 0            ; 0       ; 0         ; 0    ; 0            ; |Chronometer|Bin7SegDecoder:disp_2_decoder                                                                                                   ; work         ;
;    |Bin7SegDecoder:disp_3_decoder|        ; 7 (7)             ; 0 (0)        ; 0           ; 0            ; 0       ; 0         ; 0    ; 0            ; |Chronometer|Bin7SegDecoder:disp_3_decoder                                                                                                   ; work         ;
;    |ClkDividerN:clk_divider_50|           ; 9 (9)             ; 7 (7)        ; 0           ; 0            ; 0       ; 0         ; 0    ; 0            ; |Chronometer|ClkDividerN:clk_divider_50                                                                                                      ; work         ;
;    |CntBCDUp4:bcd_counter|                ; 56 (56)           ; 16 (16)      ; 0           ; 0            ; 0       ; 0         ; 0    ; 0            ; |Chronometer|CntBCDUp4:bcd_counter                                                                                                           ; work         ;
;    |ControlUnit:inst|                     ; 10 (10)           ; 5 (5)        ; 0           ; 0            ; 0       ; 0         ; 0    ; 0            ; |Chronometer|ControlUnit:inst                                                                                                                ; work         ;
;    |DebounceUnit:laprst_debouncer|        ; 51 (51)           ; 20 (20)      ; 0           ; 0            ; 0       ; 0         ; 0    ; 0            ; |Chronometer|DebounceUnit:laprst_debouncer                                                                                                   ; work         ;
;    |DebounceUnit:statop_debouncer|        ; 51 (51)           ; 20 (20)      ; 0           ; 0            ; 0       ; 0         ; 0    ; 0            ; |Chronometer|DebounceUnit:statop_debouncer                                                                                                   ; work         ;
;    |PulseGeneratorN:pulse_generator|      ; 335 (31)          ; 20 (20)      ; 0           ; 0            ; 0       ; 0         ; 0    ; 0            ; |Chronometer|PulseGeneratorN:pulse_generator                                                                                                 ; work         ;
;       |lpm_divide:Mod0|                   ; 304 (0)           ; 0 (0)        ; 0           ; 0            ; 0       ; 0         ; 0    ; 0            ; |Chronometer|PulseGeneratorN:pulse_generator|lpm_divide:Mod0                                                                                 ; work         ;
;          |lpm_divide_ecm:auto_generated|  ; 304 (0)           ; 0 (0)        ; 0           ; 0            ; 0       ; 0         ; 0    ; 0            ; |Chronometer|PulseGeneratorN:pulse_generator|lpm_divide:Mod0|lpm_divide_ecm:auto_generated                                                   ; work         ;
;             |sign_div_unsign_3nh:divider| ; 304 (0)           ; 0 (0)        ; 0           ; 0            ; 0       ; 0         ; 0    ; 0            ; |Chronometer|PulseGeneratorN:pulse_generator|lpm_divide:Mod0|lpm_divide_ecm:auto_generated|sign_div_unsign_3nh:divider                       ; work         ;
;                |alt_u_div_q9f:divider|    ; 304 (304)         ; 0 (0)        ; 0           ; 0            ; 0       ; 0         ; 0    ; 0            ; |Chronometer|PulseGeneratorN:pulse_generator|lpm_divide:Mod0|lpm_divide_ecm:auto_generated|sign_div_unsign_3nh:divider|alt_u_div_q9f:divider ; work         ;
;    |RegN:freeze_register|                 ; 0 (0)             ; 16 (16)      ; 0           ; 0            ; 0       ; 0         ; 0    ; 0            ; |Chronometer|RegN:freeze_register                                                                                                            ; work         ;
+-------------------------------------------+-------------------+--------------+-------------+--------------+---------+-----------+------+--------------+----------------------------------------------------------------------------------------------------------------------------------------------+--------------+
Note: For table entries with two numbers listed, the numbers in parentheses indicate the number of resources of the given type used by the specific entity alone. The numbers listed outside of parentheses indicate the total resources of the given type used by the specific entity and all of its sub-entities in the hierarchy.


Encoding Type:  One-Hot
+-----------------------------------------------------------------------------------------------------------------------------------------------------+
; State Machine - |Chronometer|ControlUnit:inst|s_currentState                                                                                        ;
+------------------------+------------------------+------------------------+------------------------+------------------------+------------------------+
; Name                   ; s_currentState.LAPSTOP ; s_currentState.LAPVIEW ; s_currentState.STOPPED ; s_currentState.STARTED ; s_currentState.CLEARED ;
+------------------------+------------------------+------------------------+------------------------+------------------------+------------------------+
; s_currentState.CLEARED ; 0                      ; 0                      ; 0                      ; 0                      ; 0                      ;
; s_currentState.STARTED ; 0                      ; 0                      ; 0                      ; 1                      ; 1                      ;
; s_currentState.STOPPED ; 0                      ; 0                      ; 1                      ; 0                      ; 1                      ;
; s_currentState.LAPVIEW ; 0                      ; 1                      ; 0                      ; 0                      ; 1                      ;
; s_currentState.LAPSTOP ; 1                      ; 0                      ; 0                      ; 0                      ; 1                      ;
+------------------------+------------------------+------------------------+------------------------+------------------------+------------------------+


+------------------------------------------------------+
; General Register Statistics                          ;
+----------------------------------------------+-------+
; Statistic                                    ; Value ;
+----------------------------------------------+-------+
; Total registers                              ; 104   ;
; Number of registers using Synchronous Clear  ; 27    ;
; Number of registers using Synchronous Load   ; 0     ;
; Number of registers using Asynchronous Clear ; 0     ;
; Number of registers using Asynchronous Load  ; 0     ;
; Number of registers using Clock Enable       ; 62    ;
; Number of registers using Preset             ; 0     ;
+----------------------------------------------+-------+


+----------------------------------------------------------------------------------------------------------------------------------------------------------------------------+
; Multiplexer Restructuring Statistics (Restructuring Performed)                                                                                                             ;
+--------------------+-----------+---------------+----------------------+------------------------+------------+--------------------------------------------------------------+
; Multiplexer Inputs ; Bus Width ; Baseline Area ; Area if Restructured ; Saving if Restructured ; Registered ; Example Multiplexer Output                                   ;
+--------------------+-----------+---------------+----------------------+------------------------+------------+--------------------------------------------------------------+
; 4:1                ; 4 bits    ; 8 LEs         ; 4 LEs                ; 4 LEs                  ; Yes        ; |Chronometer|CntBCDUp4:bcd_counter|s_count[3]                ;
; 4:1                ; 4 bits    ; 8 LEs         ; 4 LEs                ; 4 LEs                  ; Yes        ; |Chronometer|CntBCDUp4:bcd_counter|s_count[7]                ;
; 4:1                ; 4 bits    ; 8 LEs         ; 4 LEs                ; 4 LEs                  ; Yes        ; |Chronometer|CntBCDUp4:bcd_counter|s_count[10]               ;
; 4:1                ; 4 bits    ; 8 LEs         ; 4 LEs                ; 4 LEs                  ; Yes        ; |Chronometer|CntBCDUp4:bcd_counter|s_count[14]               ;
; 5:1                ; 17 bits   ; 51 LEs        ; 34 LEs               ; 17 LEs                 ; Yes        ; |Chronometer|DebounceUnit:laprst_debouncer|s_debounceCnt[2]  ;
; 5:1                ; 17 bits   ; 51 LEs        ; 34 LEs               ; 17 LEs                 ; Yes        ; |Chronometer|DebounceUnit:statop_debouncer|s_debounceCnt[16] ;
+--------------------+-----------+---------------+----------------------+------------------------+------------+--------------------------------------------------------------+


+-------------------------------------------------------------------+
; Parameter Settings for User Entity Instance: RegN:freeze_register ;
+----------------+-------+------------------------------------------+
; Parameter Name ; Value ; Type                                     ;
+----------------+-------+------------------------------------------+
; size           ; 16    ; Signed Integer                           ;
+----------------+-------+------------------------------------------+
Note: In order to hide this table in the UI and the text report file, please set the "Show Parameter Settings in Synthesis Report" option in "Analysis and Synthesis Settings -> More Settings" to "Off".


+-------------------------------------------------------------------------+
; Parameter Settings for User Entity Instance: ClkDividerN:clk_divider_50 ;
+----------------+-------+------------------------------------------------+
; Parameter Name ; Value ; Type                                           ;
+----------------+-------+------------------------------------------------+
; divfactor      ; 50    ; Signed Integer                                 ;
+----------------+-------+------------------------------------------------+
Note: In order to hide this table in the UI and the text report file, please set the "Show Parameter Settings in Synthesis Report" option in "Analysis and Synthesis Settings -> More Settings" to "Off".


+----------------------------------------------------------------------------+
; Parameter Settings for User Entity Instance: DebounceUnit:statop_debouncer ;
+----------------+-------+---------------------------------------------------+
; Parameter Name ; Value ; Type                                              ;
+----------------+-------+---------------------------------------------------+
; khzclkfreq     ; 1000  ; Signed Integer                                    ;
; msecmininwidth ; 100   ; Signed Integer                                    ;
; inpolarity     ; '0'   ; Enumerated                                        ;
; outpolarity    ; '1'   ; Enumerated                                        ;
+----------------+-------+---------------------------------------------------+
Note: In order to hide this table in the UI and the text report file, please set the "Show Parameter Settings in Synthesis Report" option in "Analysis and Synthesis Settings -> More Settings" to "Off".


+----------------------------------------------------------------------------+
; Parameter Settings for User Entity Instance: DebounceUnit:laprst_debouncer ;
+----------------+-------+---------------------------------------------------+
; Parameter Name ; Value ; Type                                              ;
+----------------+-------+---------------------------------------------------+
; khzclkfreq     ; 1000  ; Signed Integer                                    ;
; msecmininwidth ; 100   ; Signed Integer                                    ;
; inpolarity     ; '0'   ; Enumerated                                        ;
; outpolarity    ; '1'   ; Enumerated                                        ;
+----------------+-------+---------------------------------------------------+
Note: In order to hide this table in the UI and the text report file, please set the "Show Parameter Settings in Synthesis Report" option in "Analysis and Synthesis Settings -> More Settings" to "Off".


+------------------------------------------------------------------------------+
; Parameter Settings for User Entity Instance: PulseGeneratorN:pulse_generator ;
+----------------+---------+---------------------------------------------------+
; Parameter Name ; Value   ; Type                                              ;
+----------------+---------+---------------------------------------------------+
; numbersteps    ; 1000000 ; Signed Integer                                    ;
; out0compval    ; 10000   ; Signed Integer                                    ;
; out1compval    ; 500000  ; Signed Integer                                    ;
+----------------+---------+---------------------------------------------------+
Note: In order to hide this table in the UI and the text report file, please set the "Show Parameter Settings in Synthesis Report" option in "Analysis and Synthesis Settings -> More Settings" to "Off".


+--------------------------------------------------------------------------------------------------+
; Parameter Settings for Inferred Entity Instance: PulseGeneratorN:pulse_generator|lpm_divide:Mod0 ;
+------------------------+----------------+--------------------------------------------------------+
; Parameter Name         ; Value          ; Type                                                   ;
+------------------------+----------------+--------------------------------------------------------+
; LPM_WIDTHN             ; 20             ; Untyped                                                ;
; LPM_WIDTHD             ; 20             ; Untyped                                                ;
; LPM_NREPRESENTATION    ; UNSIGNED       ; Untyped                                                ;
; LPM_DREPRESENTATION    ; UNSIGNED       ; Untyped                                                ;
; LPM_PIPELINE           ; 0              ; Untyped                                                ;
; LPM_REMAINDERPOSITIVE  ; TRUE           ; Untyped                                                ;
; MAXIMIZE_SPEED         ; 5              ; Untyped                                                ;
; CBXI_PARAMETER         ; lpm_divide_ecm ; Untyped                                                ;
; CARRY_CHAIN            ; MANUAL         ; Untyped                                                ;
; OPTIMIZE_FOR_SPEED     ; 5              ; Untyped                                                ;
; AUTO_CARRY_CHAINS      ; ON             ; AUTO_CARRY                                             ;
; IGNORE_CARRY_BUFFERS   ; OFF            ; IGNORE_CARRY                                           ;
; AUTO_CASCADE_CHAINS    ; ON             ; AUTO_CASCADE                                           ;
; IGNORE_CASCADE_BUFFERS ; OFF            ; IGNORE_CASCADE                                         ;
+------------------------+----------------+--------------------------------------------------------+
Note: In order to hide this table in the UI and the text report file, please set the "Show Parameter Settings in Synthesis Report" option in "Analysis and Synthesis Settings -> More Settings" to "Off".


+-----------------------------------------------------+
; Post-Synthesis Netlist Statistics for Top Partition ;
+-----------------------+-----------------------------+
; Type                  ; Count                       ;
+-----------------------+-----------------------------+
; boundary_port         ; 34                          ;
; cycloneiii_ff         ; 104                         ;
;     ENA               ; 62                          ;
;     SCLR              ; 27                          ;
;     plain             ; 15                          ;
; cycloneiii_lcell_comb ; 544                         ;
;     arith             ; 147                         ;
;         2 data inputs ; 66                          ;
;         3 data inputs ; 81                          ;
;     normal            ; 397                         ;
;         0 data inputs ; 7                           ;
;         1 data inputs ; 10                          ;
;         2 data inputs ; 152                         ;
;         3 data inputs ; 41                          ;
;         4 data inputs ; 187                         ;
;                       ;                             ;
; Max LUT depth         ; 28.20                       ;
; Average LUT depth     ; 16.26                       ;
+-----------------------+-----------------------------+


+-------------------------------+
; Elapsed Time Per Partition    ;
+----------------+--------------+
; Partition Name ; Elapsed Time ;
+----------------+--------------+
; Top            ; 00:00:01     ;
+----------------+--------------+


+-------------------------------+
; Analysis & Synthesis Messages ;
+-------------------------------+
Info: *******************************************************************
Info: Running Quartus Prime Analysis & Synthesis
    Info: Version 15.1.1 Build 189 12/02/2015 SJ Lite Edition
    Info: Processing started: Mon May 01 18:50:29 2017
Info: Command: quartus_map --read_settings_files=on --write_settings_files=off Chronometer -c Chronometer
Warning (20028): Parallel compilation is not licensed and has been disabled
Info (12021): Found 1 design units, including 1 entities, in source file chronometer.bdf
    Info (12023): Found entity 1: Chronometer
Info (12021): Found 2 design units, including 1 entities, in source file regn.vhd
    Info (12022): Found design unit 1: RegN-Behavioral File: C:/altera/docs/Aula8/Parte1/RegN.vhd Line: 14
    Info (12023): Found entity 1: RegN File: C:/altera/docs/Aula8/Parte1/RegN.vhd Line: 4
Info (12021): Found 2 design units, including 1 entities, in source file pulsegeneratorn.vhd
    Info (12022): Found design unit 1: PulseGeneratorN-Behavioral File: C:/altera/docs/Aula8/Parte1/PulseGeneratorN.vhd Line: 14
    Info (12023): Found entity 1: PulseGeneratorN File: C:/altera/docs/Aula8/Parte1/PulseGeneratorN.vhd Line: 5
Info (12021): Found 2 design units, including 1 entities, in source file debounceunit.vhd
    Info (12022): Found design unit 1: DebounceUnit-Behavioral File: C:/altera/docs/Aula8/Parte1/DebounceUnit.vhd Line: 15
    Info (12023): Found entity 1: DebounceUnit File: C:/altera/docs/Aula8/Parte1/DebounceUnit.vhd Line: 5
Info (12021): Found 2 design units, including 1 entities, in source file controlunit.vhd
    Info (12022): Found design unit 1: ControlUnit-Behavioral File: C:/altera/docs/Aula8/Parte1/ControlUnit.vhd Line: 14
    Info (12023): Found entity 1: ControlUnit File: C:/altera/docs/Aula8/Parte1/ControlUnit.vhd Line: 4
Info (12021): Found 2 design units, including 1 entities, in source file cntbcdup4.vhd
    Info (12022): Found design unit 1: CntBCDUp4-Behavioral File: C:/altera/docs/Aula8/Parte1/CntBCDUp4.vhd Line: 13
    Info (12023): Found entity 1: CntBCDUp4 File: C:/altera/docs/Aula8/Parte1/CntBCDUp4.vhd Line: 5
Info (12021): Found 2 design units, including 1 entities, in source file clkdividern.vhd
    Info (12022): Found design unit 1: ClkDividerN-Behavioral File: C:/altera/docs/Aula8/Parte1/ClkDividerN.vhd Line: 11
    Info (12023): Found entity 1: ClkDividerN File: C:/altera/docs/Aula8/Parte1/ClkDividerN.vhd Line: 5
Info (12021): Found 2 design units, including 1 entities, in source file bin7segdecoder.vhd
    Info (12022): Found design unit 1: Bin7SegDecoder-Behavioral File: C:/altera/docs/Aula8/Parte1/Bin7SegDecoder.vhd Line: 9
    Info (12023): Found entity 1: Bin7SegDecoder File: C:/altera/docs/Aula8/Parte1/Bin7SegDecoder.vhd Line: 4
Info (12127): Elaborating entity "Chronometer" for the top level hierarchy
Info (12128): Elaborating entity "Bin7SegDecoder" for hierarchy "Bin7SegDecoder:disp_0_decoder"
Info (12128): Elaborating entity "RegN" for hierarchy "RegN:freeze_register"
Info (12128): Elaborating entity "ClkDividerN" for hierarchy "ClkDividerN:clk_divider_50"
Info (12128): Elaborating entity "ControlUnit" for hierarchy "ControlUnit:inst"
Info (12128): Elaborating entity "DebounceUnit" for hierarchy "DebounceUnit:statop_debouncer"
Info (12128): Elaborating entity "CntBCDUp4" for hierarchy "CntBCDUp4:bcd_counter"
Info (12128): Elaborating entity "PulseGeneratorN" for hierarchy "PulseGeneratorN:pulse_generator"
Info (278001): Inferred 1 megafunctions from design logic
    Info (278004): Inferred divider/modulo megafunction ("lpm_divide") from the following logic: "PulseGeneratorN:pulse_generator|Mod0" File: C:/altera/docs/Aula8/Parte1/PulseGeneratorN.vhd Line: 32
Info (12130): Elaborated megafunction instantiation "PulseGeneratorN:pulse_generator|lpm_divide:Mod0" File: C:/altera/docs/Aula8/Parte1/PulseGeneratorN.vhd Line: 32
Info (12133): Instantiated megafunction "PulseGeneratorN:pulse_generator|lpm_divide:Mod0" with the following parameter: File: C:/altera/docs/Aula8/Parte1/PulseGeneratorN.vhd Line: 32
    Info (12134): Parameter "LPM_WIDTHN" = "20"
    Info (12134): Parameter "LPM_WIDTHD" = "20"
    Info (12134): Parameter "LPM_NREPRESENTATION" = "UNSIGNED"
    Info (12134): Parameter "LPM_DREPRESENTATION" = "UNSIGNED"
Info (12021): Found 1 design units, including 1 entities, in source file db/lpm_divide_ecm.tdf
    Info (12023): Found entity 1: lpm_divide_ecm File: C:/altera/docs/Aula8/Parte1/db/lpm_divide_ecm.tdf Line: 25
Info (12021): Found 1 design units, including 1 entities, in source file db/sign_div_unsign_3nh.tdf
    Info (12023): Found entity 1: sign_div_unsign_3nh File: C:/altera/docs/Aula8/Parte1/db/sign_div_unsign_3nh.tdf Line: 25
Info (12021): Found 1 design units, including 1 entities, in source file db/alt_u_div_q9f.tdf
    Info (12023): Found entity 1: alt_u_div_q9f File: C:/altera/docs/Aula8/Parte1/db/alt_u_div_q9f.tdf Line: 27
Info (12021): Found 1 design units, including 1 entities, in source file db/add_sub_7pc.tdf
    Info (12023): Found entity 1: add_sub_7pc File: C:/altera/docs/Aula8/Parte1/db/add_sub_7pc.tdf Line: 23
Info (12021): Found 1 design units, including 1 entities, in source file db/add_sub_8pc.tdf
    Info (12023): Found entity 1: add_sub_8pc File: C:/altera/docs/Aula8/Parte1/db/add_sub_8pc.tdf Line: 23
Info (286030): Timing-Driven Synthesis is running
Info (16010): Generating hard_block partition "hard_block:auto_generated_inst"
    Info (16011): Adding 0 node(s), including 0 DDIO, 0 PLL, 0 transceiver and 0 LCELL
Warning (21074): Design contains 1 input pin(s) that do not drive logic
    Warning (15610): No output dependent on input pin "KEY[2]"
Info (21057): Implemented 592 device resources after synthesis - the final resource count might be different
    Info (21058): Implemented 5 input pins
    Info (21059): Implemented 29 output pins
    Info (21061): Implemented 558 logic cells
Info: Quartus Prime Analysis & Synthesis was successful. 0 errors, 3 warnings
    Info: Peak virtual memory: 880 megabytes
    Info: Processing ended: Mon May 01 18:50:42 2017
    Info: Elapsed time: 00:00:13
    Info: Total CPU time (on all processors): 00:00:27


