Flow report for RAM_1P_Demo
Tue May 16 19:00:27 2017
Quartus Prime Version 15.1.1 Build 189 12/02/2015 SJ Lite Edition


---------------------
; Table of Contents ;
---------------------
  1. Legal Notice
  2. Flow Summary
  3. Flow Settings
  4. Flow Non-Default Global Settings
  5. Flow Elapsed Time
  6. Flow OS Summary
  7. Flow Log
  8. Flow Messages
  9. Flow Suppressed Messages



----------------
; Legal Notice ;
----------------
Copyright (C) 1991-2015 Altera Corporation. All rights reserved.
Your use of Altera Corporation's design tools, logic functions 
and other software and tools, and its AMPP partner logic 
functions, and any output files from any of the foregoing 
(including device programming or simulation files), and any 
associated documentation or information are expressly subject 
to the terms and conditions of the Altera Program License 
Subscription Agreement, the Altera Quartus Prime License Agreement,
the Altera MegaCore Function License Agreement, or other 
applicable license agreement, including, without limitation, 
that your use is for the sole purpose of programming logic 
devices manufactured by Altera and sold by Altera or its 
authorized distributors.  Please refer to the applicable 
agreement for further details.



+----------------------------------------------------------------------------------+
; Flow Summary                                                                     ;
+------------------------------------+---------------------------------------------+
; Flow Status                        ; Successful - Tue May 16 19:00:26 2017       ;
; Quartus Prime Version              ; 15.1.1 Build 189 12/02/2015 SJ Lite Edition ;
; Revision Name                      ; RAM_1P_Demo                                 ;
; Top-level Entity Name              ; RAM_1P_Demo                                 ;
; Family                             ; Cyclone IV E                                ;
; Device                             ; EP4CE115F29C7                               ;
; Timing Models                      ; Final                                       ;
; Total logic elements               ; 174 / 114,480 ( < 1 % )                     ;
;     Total combinational functions  ; 112 / 114,480 ( < 1 % )                     ;
;     Dedicated logic registers      ; 128 / 114,480 ( < 1 % )                     ;
; Total registers                    ; 128                                         ;
; Total pins                         ; 23 / 529 ( 4 % )                            ;
; Total virtual pins                 ; 0                                           ;
; Total memory bits                  ; 0 / 3,981,312 ( 0 % )                       ;
; Embedded Multiplier 9-bit elements ; 0 / 532 ( 0 % )                             ;
; Total PLLs                         ; 0 / 4 ( 0 % )                               ;
+------------------------------------+---------------------------------------------+


+-----------------------------------------+
; Flow Settings                           ;
+-------------------+---------------------+
; Option            ; Setting             ;
+-------------------+---------------------+
; Start date & time ; 05/16/2017 18:57:27 ;
; Main task         ; Compilation         ;
; Revision Name     ; RAM_1P_Demo         ;
+-------------------+---------------------+


+----------------------------------------------------------------------------------------------------------------------+
; Flow Non-Default Global Settings                                                                                     ;
+-------------------------------------+---------------------------------+---------------+-------------+----------------+
; Assignment Name                     ; Value                           ; Default Value ; Entity Name ; Section Id     ;
+-------------------------------------+---------------------------------+---------------+-------------+----------------+
; COMPILER_SIGNATURE_ID               ; 154880091116473.149495744626484 ; --            ; --          ; --             ;
; EDA_OUTPUT_DATA_FORMAT              ; Vhdl                            ; --            ; --          ; eda_simulation ;
; EDA_SIMULATION_TOOL                 ; ModelSim-Altera (VHDL)          ; <None>        ; --          ; --             ;
; MAX_CORE_JUNCTION_TEMP              ; 85                              ; --            ; --          ; --             ;
; MIN_CORE_JUNCTION_TEMP              ; 0                               ; --            ; --          ; --             ;
; NOMINAL_CORE_SUPPLY_VOLTAGE         ; 1.2V                            ; --            ; --          ; --             ;
; PARTITION_COLOR                     ; 16764057                        ; --            ; --          ; Top            ;
; PARTITION_FITTER_PRESERVATION_LEVEL ; PLACEMENT_AND_ROUTING           ; --            ; --          ; Top            ;
; PARTITION_NETLIST_TYPE              ; SOURCE                          ; --            ; --          ; Top            ;
; PROJECT_OUTPUT_DIRECTORY            ; output_files                    ; --            ; --          ; --             ;
+-------------------------------------+---------------------------------+---------------+-------------+----------------+


+-------------------------------------------------------------------------------------------------------------------------------+
; Flow Elapsed Time                                                                                                             ;
+---------------------------+--------------+-------------------------+---------------------+------------------------------------+
; Module Name               ; Elapsed Time ; Average Processors Used ; Peak Virtual Memory ; Total CPU Time (on all processors) ;
+---------------------------+--------------+-------------------------+---------------------+------------------------------------+
; Analysis & Synthesis      ; 00:00:35     ; 1.0                     ; 855 MB              ; 00:01:18                           ;
; Fitter                    ; 00:00:51     ; 1.0                     ; 1390 MB             ; 00:00:58                           ;
; Assembler                 ; 00:00:19     ; 1.0                     ; 748 MB              ; 00:00:19                           ;
; TimeQuest Timing Analyzer ; 00:00:09     ; 1.0                     ; 872 MB              ; 00:00:08                           ;
; EDA Netlist Writer        ; 00:00:03     ; 1.0                     ; 711 MB              ; 00:00:04                           ;
; Total                     ; 00:01:57     ; --                      ; --                  ; 00:02:47                           ;
+---------------------------+--------------+-------------------------+---------------------+------------------------------------+


+----------------------------------------------------------------------------------------+
; Flow OS Summary                                                                        ;
+---------------------------+------------------+-----------+------------+----------------+
; Module Name               ; Machine Hostname ; OS Name   ; OS Version ; Processor type ;
+---------------------------+------------------+-----------+------------+----------------+
; Analysis & Synthesis      ; ENVY-PC          ; Windows 8 ; 6.2        ; x86_64         ;
; Fitter                    ; ENVY-PC          ; Windows 8 ; 6.2        ; x86_64         ;
; Assembler                 ; ENVY-PC          ; Windows 8 ; 6.2        ; x86_64         ;
; TimeQuest Timing Analyzer ; ENVY-PC          ; Windows 8 ; 6.2        ; x86_64         ;
; EDA Netlist Writer        ; ENVY-PC          ; Windows 8 ; 6.2        ; x86_64         ;
+---------------------------+------------------+-----------+------------+----------------+


------------
; Flow Log ;
------------
quartus_map --read_settings_files=on --write_settings_files=off RAM_1P_Demo -c RAM_1P_Demo
quartus_fit --read_settings_files=off --write_settings_files=off RAM_1P_Demo -c RAM_1P_Demo
quartus_asm --read_settings_files=off --write_settings_files=off RAM_1P_Demo -c RAM_1P_Demo
quartus_sta RAM_1P_Demo -c RAM_1P_Demo
quartus_eda --read_settings_files=off --write_settings_files=off RAM_1P_Demo -c RAM_1P_Demo



