Flow report for ALU16
Sun Mar 26 18:11:49 2017
Quartus Prime Version 15.1.1 Build 189 12/02/2015 SJ Lite Edition


---------------------
; Table of Contents ;
---------------------
  1. Legal Notice
  2. Flow Summary
  3. Flow Settings
  4. Flow Non-Default Global Settings
  5. Flow Elapsed Time
  6. Flow OS Summary
  7. Flow Log
  8. Flow Messages
  9. Flow Suppressed Messages



----------------
; Legal Notice ;
----------------
Copyright (C) 1991-2015 Altera Corporation. All rights reserved.
Your use of Altera Corporation's design tools, logic functions 
and other software and tools, and its AMPP partner logic 
functions, and any output files from any of the foregoing 
(including device programming or simulation files), and any 
associated documentation or information are expressly subject 
to the terms and conditions of the Altera Program License 
Subscription Agreement, the Altera Quartus Prime License Agreement,
the Altera MegaCore Function License Agreement, or other 
applicable license agreement, including, without limitation, 
that your use is for the sole purpose of programming logic 
devices manufactured by Altera and sold by Altera or its 
authorized distributors.  Please refer to the applicable 
agreement for further details.



+----------------------------------------------------------------------------------+
; Flow Summary                                                                     ;
+------------------------------------+---------------------------------------------+
; Flow Status                        ; Successful - Sun Mar 26 18:11:49 2017       ;
; Quartus Prime Version              ; 15.1.1 Build 189 12/02/2015 SJ Lite Edition ;
; Revision Name                      ; ALU16                                       ;
; Top-level Entity Name              ; ALU16                                       ;
; Family                             ; Cyclone IV E                                ;
; Total logic elements               ; 691 / 6,272 ( 11 % )                        ;
;     Total combinational functions  ; 691 / 6,272 ( 11 % )                        ;
;     Dedicated logic registers      ; 0 / 6,272 ( 0 % )                           ;
; Total registers                    ; 0                                           ;
; Total pins                         ; 67 / 180 ( 37 % )                           ;
; Total virtual pins                 ; 0                                           ;
; Total memory bits                  ; 0 / 276,480 ( 0 % )                         ;
; Embedded Multiplier 9-bit elements ; 2 / 30 ( 7 % )                              ;
; Total PLLs                         ; 0 / 2 ( 0 % )                               ;
; Device                             ; EP4CE6F17C6                                 ;
; Timing Models                      ; Final                                       ;
+------------------------------------+---------------------------------------------+


+-----------------------------------------+
; Flow Settings                           ;
+-------------------+---------------------+
; Option            ; Setting             ;
+-------------------+---------------------+
; Start date & time ; 03/26/2017 18:10:28 ;
; Main task         ; Compilation         ;
; Revision Name     ; ALU16               ;
+-------------------+---------------------+


+--------------------------------------------------------------------------------------------------------------------+
; Flow Non-Default Global Settings                                                                                   ;
+--------------------------------------+------------------------------+---------------+-------------+----------------+
; Assignment Name                      ; Value                        ; Default Value ; Entity Name ; Section Id     ;
+--------------------------------------+------------------------------+---------------+-------------+----------------+
; COMPILER_SIGNATURE_ID                ; 121373748038.149054822801184 ; --            ; --          ; --             ;
; EDA_DESIGN_INSTANCE_NAME             ; uut                          ; --            ; --          ; ALU16_Tb       ;
; EDA_NATIVELINK_SIMULATION_TEST_BENCH ; ALU16_Tb                     ; --            ; --          ; eda_simulation ;
; EDA_OUTPUT_DATA_FORMAT               ; Vhdl                         ; --            ; --          ; eda_simulation ;
; EDA_SIMULATION_TOOL                  ; ModelSim-Altera (VHDL)       ; <None>        ; --          ; --             ;
; EDA_TEST_BENCH_ENABLE_STATUS         ; TEST_BENCH_MODE              ; --            ; --          ; eda_simulation ;
; EDA_TEST_BENCH_FILE                  ; ALU16_Tb.vhd                 ; --            ; --          ; ALU16_Tb       ;
; EDA_TEST_BENCH_MODULE_NAME           ; ALU16_Tb                     ; --            ; --          ; ALU16_Tb       ;
; EDA_TEST_BENCH_NAME                  ; ALU16_Tb                     ; --            ; --          ; eda_simulation ;
; PARTITION_COLOR                      ; 16764057                     ; --            ; --          ; Top            ;
; PARTITION_FITTER_PRESERVATION_LEVEL  ; PLACEMENT_AND_ROUTING        ; --            ; --          ; Top            ;
; PARTITION_NETLIST_TYPE               ; SOURCE                       ; --            ; --          ; Top            ;
; PROJECT_OUTPUT_DIRECTORY             ; output_files                 ; --            ; --          ; --             ;
+--------------------------------------+------------------------------+---------------+-------------+----------------+


+-------------------------------------------------------------------------------------------------------------------------------+
; Flow Elapsed Time                                                                                                             ;
+---------------------------+--------------+-------------------------+---------------------+------------------------------------+
; Module Name               ; Elapsed Time ; Average Processors Used ; Peak Virtual Memory ; Total CPU Time (on all processors) ;
+---------------------------+--------------+-------------------------+---------------------+------------------------------------+
; Analysis & Synthesis      ; 00:00:26     ; 1.0                     ; 864 MB              ; 00:00:38                           ;
; Fitter                    ; 00:00:16     ; 1.0                     ; 1131 MB             ; 00:00:12                           ;
; Assembler                 ; 00:00:02     ; 1.0                     ; 731 MB              ; 00:00:01                           ;
; TimeQuest Timing Analyzer ; 00:00:03     ; 1.0                     ; 803 MB              ; 00:00:03                           ;
; EDA Netlist Writer        ; 00:00:02     ; 1.0                     ; 705 MB              ; 00:00:02                           ;
; Total                     ; 00:00:49     ; --                      ; --                  ; 00:00:56                           ;
+---------------------------+--------------+-------------------------+---------------------+------------------------------------+


+----------------------------------------------------------------------------------------+
; Flow OS Summary                                                                        ;
+---------------------------+------------------+-----------+------------+----------------+
; Module Name               ; Machine Hostname ; OS Name   ; OS Version ; Processor type ;
+---------------------------+------------------+-----------+------------+----------------+
; Analysis & Synthesis      ; BEATRIZBORG5199  ; Windows 8 ; 6.2        ; x86_64         ;
; Fitter                    ; BEATRIZBORG5199  ; Windows 8 ; 6.2        ; x86_64         ;
; Assembler                 ; BEATRIZBORG5199  ; Windows 8 ; 6.2        ; x86_64         ;
; TimeQuest Timing Analyzer ; BEATRIZBORG5199  ; Windows 8 ; 6.2        ; x86_64         ;
; EDA Netlist Writer        ; BEATRIZBORG5199  ; Windows 8 ; 6.2        ; x86_64         ;
+---------------------------+------------------+-----------+------------+----------------+


------------
; Flow Log ;
------------
quartus_map --read_settings_files=on --write_settings_files=off ALU16 -c ALU16
quartus_fit --read_settings_files=off --write_settings_files=off ALU16 -c ALU16
quartus_asm --read_settings_files=off --write_settings_files=off ALU16 -c ALU16
quartus_sta ALU16 -c ALU16
quartus_eda --read_settings_files=off --write_settings_files=off ALU16 -c ALU16



