Flow report for FreqDivider_Demo
Sun Mar 05 22:52:07 2017
Quartus Prime Version 15.1.1 Build 189 12/02/2015 SJ Lite Edition


---------------------
; Table of Contents ;
---------------------
  1. Legal Notice
  2. Flow Summary
  3. Flow Settings
  4. Flow Non-Default Global Settings
  5. Flow Elapsed Time
  6. Flow OS Summary
  7. Flow Log
  8. Flow Messages
  9. Flow Suppressed Messages



----------------
; Legal Notice ;
----------------
Copyright (C) 1991-2015 Altera Corporation. All rights reserved.
Your use of Altera Corporation's design tools, logic functions 
and other software and tools, and its AMPP partner logic 
functions, and any output files from any of the foregoing 
(including device programming or simulation files), and any 
associated documentation or information are expressly subject 
to the terms and conditions of the Altera Program License 
Subscription Agreement, the Altera Quartus Prime License Agreement,
the Altera MegaCore Function License Agreement, or other 
applicable license agreement, including, without limitation, 
that your use is for the sole purpose of programming logic 
devices manufactured by Altera and sold by Altera or its 
authorized distributors.  Please refer to the applicable 
agreement for further details.



+----------------------------------------------------------------------------------+
; Flow Summary                                                                     ;
+------------------------------------+---------------------------------------------+
; Flow Status                        ; Successful - Sun Mar 05 22:52:07 2017       ;
; Quartus Prime Version              ; 15.1.1 Build 189 12/02/2015 SJ Lite Edition ;
; Revision Name                      ; FreqDivider_Demo                            ;
; Top-level Entity Name              ; FreqDivider_CounterDisplay_Demo             ;
; Family                             ; Cyclone IV E                                ;
; Device                             ; EP4CE115F29C7                               ;
; Timing Models                      ; Final                                       ;
; Total logic elements               ; 59 / 114,480 ( < 1 % )                      ;
;     Total combinational functions  ; 58 / 114,480 ( < 1 % )                      ;
;     Dedicated logic registers      ; 36 / 114,480 ( < 1 % )                      ;
; Total registers                    ; 36                                          ;
; Total pins                         ; 11 / 529 ( 2 % )                            ;
; Total virtual pins                 ; 0                                           ;
; Total memory bits                  ; 0 / 3,981,312 ( 0 % )                       ;
; Embedded Multiplier 9-bit elements ; 0 / 532 ( 0 % )                             ;
; Total PLLs                         ; 0 / 4 ( 0 % )                               ;
+------------------------------------+---------------------------------------------+


+-----------------------------------------+
; Flow Settings                           ;
+-------------------+---------------------+
; Option            ; Setting             ;
+-------------------+---------------------+
; Start date & time ; 03/05/2017 22:50:03 ;
; Main task         ; Compilation         ;
; Revision Name     ; FreqDivider_Demo    ;
+-------------------+---------------------+


+---------------------------------------------------------------------------------------------------------------------------------------------------+
; Flow Non-Default Global Settings                                                                                                                  ;
+-------------------------------------+---------------------------------------+------------------+---------------------------------+----------------+
; Assignment Name                     ; Value                                 ; Default Value    ; Entity Name                     ; Section Id     ;
+-------------------------------------+---------------------------------------+------------------+---------------------------------+----------------+
; COMPILER_SIGNATURE_ID               ; 121373748038.148875420301892          ; --               ; --                              ; --             ;
; EDA_OUTPUT_DATA_FORMAT              ; Vhdl                                  ; --               ; --                              ; eda_simulation ;
; EDA_SIMULATION_TOOL                 ; ModelSim-Altera (VHDL)                ; <None>           ; --                              ; --             ;
; MAX_CORE_JUNCTION_TEMP              ; 85                                    ; --               ; --                              ; --             ;
; MIN_CORE_JUNCTION_TEMP              ; 0                                     ; --               ; --                              ; --             ;
; NOMINAL_CORE_SUPPLY_VOLTAGE         ; 1.2V                                  ; --               ; --                              ; --             ;
; PARTITION_COLOR                     ; 16764057                              ; --               ; FreqDivider_CounterDisplay_Demo ; Top            ;
; PARTITION_FITTER_PRESERVATION_LEVEL ; PLACEMENT_AND_ROUTING                 ; --               ; FreqDivider_CounterDisplay_Demo ; Top            ;
; PARTITION_NETLIST_TYPE              ; SOURCE                                ; --               ; FreqDivider_CounterDisplay_Demo ; Top            ;
; POWER_BOARD_THERMAL_MODEL           ; None (CONSERVATIVE)                   ; --               ; --                              ; --             ;
; POWER_PRESET_COOLING_SOLUTION       ; 23 MM HEAT SINK WITH 200 LFPM AIRFLOW ; --               ; --                              ; --             ;
; PROJECT_OUTPUT_DIRECTORY            ; output_files                          ; --               ; --                              ; --             ;
; TOP_LEVEL_ENTITY                    ; FreqDivider_CounterDisplay_Demo       ; FreqDivider_Demo ; --                              ; --             ;
; VHDL_INPUT_VERSION                  ; VHDL_2008                             ; VHDL_1993        ; --                              ; --             ;
; VHDL_SHOW_LMF_MAPPING_MESSAGES      ; Off                                   ; --               ; --                              ; --             ;
+-------------------------------------+---------------------------------------+------------------+---------------------------------+----------------+


+-------------------------------------------------------------------------------------------------------------------------------+
; Flow Elapsed Time                                                                                                             ;
+---------------------------+--------------+-------------------------+---------------------+------------------------------------+
; Module Name               ; Elapsed Time ; Average Processors Used ; Peak Virtual Memory ; Total CPU Time (on all processors) ;
+---------------------------+--------------+-------------------------+---------------------+------------------------------------+
; Analysis & Synthesis      ; 00:00:29     ; 1.0                     ; 852 MB              ; 00:00:38                           ;
; Fitter                    ; 00:00:26     ; 1.0                     ; 1321 MB             ; 00:00:28                           ;
; Assembler                 ; 00:00:11     ; 1.0                     ; 739 MB              ; 00:00:11                           ;
; TimeQuest Timing Analyzer ; 00:00:07     ; 1.0                     ; 867 MB              ; 00:00:05                           ;
; EDA Netlist Writer        ; 00:00:03     ; 1.0                     ; 704 MB              ; 00:00:03                           ;
; Total                     ; 00:01:16     ; --                      ; --                  ; 00:01:25                           ;
+---------------------------+--------------+-------------------------+---------------------+------------------------------------+


+----------------------------------------------------------------------------------------+
; Flow OS Summary                                                                        ;
+---------------------------+------------------+-----------+------------+----------------+
; Module Name               ; Machine Hostname ; OS Name   ; OS Version ; Processor type ;
+---------------------------+------------------+-----------+------------+----------------+
; Analysis & Synthesis      ; BEATRIZBORG5199  ; Windows 8 ; 6.2        ; x86_64         ;
; Fitter                    ; BEATRIZBORG5199  ; Windows 8 ; 6.2        ; x86_64         ;
; Assembler                 ; BEATRIZBORG5199  ; Windows 8 ; 6.2        ; x86_64         ;
; TimeQuest Timing Analyzer ; BEATRIZBORG5199  ; Windows 8 ; 6.2        ; x86_64         ;
; EDA Netlist Writer        ; BEATRIZBORG5199  ; Windows 8 ; 6.2        ; x86_64         ;
+---------------------------+------------------+-----------+------------+----------------+


------------
; Flow Log ;
------------
quartus_map --read_settings_files=on --write_settings_files=off FreqDivider_Demo -c FreqDivider_Demo
quartus_fit --read_settings_files=off --write_settings_files=off FreqDivider_Demo -c FreqDivider_Demo
quartus_asm --read_settings_files=off --write_settings_files=off FreqDivider_Demo -c FreqDivider_Demo
quartus_sta FreqDivider_Demo -c FreqDivider_Demo
quartus_eda --read_settings_files=off --write_settings_files=off FreqDivider_Demo -c FreqDivider_Demo



