Analysis & Synthesis report for ALUDemo
Tue Mar 07 21:36:24 2017
Quartus Prime Version 15.1.1 Build 189 12/02/2015 SJ Lite Edition


---------------------
; Table of Contents ;
---------------------
  1. Legal Notice
  2. Analysis & Synthesis Summary
  3. Analysis & Synthesis Settings
  4. Parallel Compilation
  5. Analysis & Synthesis Source Files Read
  6. Analysis & Synthesis Resource Usage Summary
  7. Analysis & Synthesis Resource Utilization by Entity
  8. General Register Statistics
  9. Multiplexer Restructuring Statistics (Restructuring Performed)
 10. Parameter Settings for Inferred Entity Instance: ALU4:inst|lpm_divide:Mod0
 11. Parameter Settings for Inferred Entity Instance: ALU4:inst|lpm_mult:Mult0
 12. Parameter Settings for Inferred Entity Instance: ALU4:inst|lpm_divide:Div0
 13. lpm_mult Parameter Settings by Entity Instance
 14. Post-Synthesis Netlist Statistics for Top Partition
 15. Elapsed Time Per Partition
 16. Analysis & Synthesis Messages



----------------
; Legal Notice ;
----------------
Copyright (C) 1991-2015 Altera Corporation. All rights reserved.
Your use of Altera Corporation's design tools, logic functions 
and other software and tools, and its AMPP partner logic 
functions, and any output files from any of the foregoing 
(including device programming or simulation files), and any 
associated documentation or information are expressly subject 
to the terms and conditions of the Altera Program License 
Subscription Agreement, the Altera Quartus Prime License Agreement,
the Altera MegaCore Function License Agreement, or other 
applicable license agreement, including, without limitation, 
that your use is for the sole purpose of programming logic 
devices manufactured by Altera and sold by Altera or its 
authorized distributors.  Please refer to the applicable 
agreement for further details.



+----------------------------------------------------------------------------------+
; Analysis & Synthesis Summary                                                     ;
+------------------------------------+---------------------------------------------+
; Analysis & Synthesis Status        ; Successful - Tue Mar 07 21:36:24 2017       ;
; Quartus Prime Version              ; 15.1.1 Build 189 12/02/2015 SJ Lite Edition ;
; Revision Name                      ; ALUDemo                                     ;
; Top-level Entity Name              ; ALUDemo                                     ;
; Family                             ; Cyclone IV E                                ;
; Total logic elements               ; 121                                         ;
;     Total combinational functions  ; 121                                         ;
;     Dedicated logic registers      ; 0                                           ;
; Total registers                    ; 0                                           ;
; Total pins                         ; 47                                          ;
; Total virtual pins                 ; 0                                           ;
; Total memory bits                  ; 0                                           ;
; Embedded Multiplier 9-bit elements ; 0                                           ;
; Total PLLs                         ; 0                                           ;
+------------------------------------+---------------------------------------------+


+----------------------------------------------------------------------------------------------------------------------+
; Analysis & Synthesis Settings                                                                                        ;
+----------------------------------------------------------------------------+--------------------+--------------------+
; Option                                                                     ; Setting            ; Default Value      ;
+----------------------------------------------------------------------------+--------------------+--------------------+
; Device                                                                     ; EP4CE115F29C7      ;                    ;
; Top-level entity name                                                      ; ALUDemo            ; ALUDemo            ;
; Family name                                                                ; Cyclone IV E       ; Cyclone V          ;
; Use smart compilation                                                      ; Off                ; Off                ;
; Enable parallel Assembler and TimeQuest Timing Analyzer during compilation ; On                 ; On                 ;
; Enable compact report table                                                ; Off                ; Off                ;
; Restructure Multiplexers                                                   ; Auto               ; Auto               ;
; Create Debugging Nodes for IP Cores                                        ; Off                ; Off                ;
; Preserve fewer node names                                                  ; On                 ; On                 ;
; Disable OpenCore Plus hardware evaluation                                  ; Off                ; Off                ;
; Verilog Version                                                            ; Verilog_2001       ; Verilog_2001       ;
; VHDL Version                                                               ; VHDL_1993          ; VHDL_1993          ;
; State Machine Processing                                                   ; Auto               ; Auto               ;
; Safe State Machine                                                         ; Off                ; Off                ;
; Extract Verilog State Machines                                             ; On                 ; On                 ;
; Extract VHDL State Machines                                                ; On                 ; On                 ;
; Ignore Verilog initial constructs                                          ; Off                ; Off                ;
; Iteration limit for constant Verilog loops                                 ; 5000               ; 5000               ;
; Iteration limit for non-constant Verilog loops                             ; 250                ; 250                ;
; Add Pass-Through Logic to Inferred RAMs                                    ; On                 ; On                 ;
; Infer RAMs from Raw Logic                                                  ; On                 ; On                 ;
; Parallel Synthesis                                                         ; On                 ; On                 ;
; DSP Block Balancing                                                        ; Auto               ; Auto               ;
; NOT Gate Push-Back                                                         ; On                 ; On                 ;
; Power-Up Don't Care                                                        ; On                 ; On                 ;
; Remove Redundant Logic Cells                                               ; Off                ; Off                ;
; Remove Duplicate Registers                                                 ; On                 ; On                 ;
; Ignore CARRY Buffers                                                       ; Off                ; Off                ;
; Ignore CASCADE Buffers                                                     ; Off                ; Off                ;
; Ignore GLOBAL Buffers                                                      ; Off                ; Off                ;
; Ignore ROW GLOBAL Buffers                                                  ; Off                ; Off                ;
; Ignore LCELL Buffers                                                       ; Off                ; Off                ;
; Ignore SOFT Buffers                                                        ; On                 ; On                 ;
; Limit AHDL Integers to 32 Bits                                             ; Off                ; Off                ;
; Optimization Technique                                                     ; Balanced           ; Balanced           ;
; Carry Chain Length                                                         ; 70                 ; 70                 ;
; Auto Carry Chains                                                          ; On                 ; On                 ;
; Auto Open-Drain Pins                                                       ; On                 ; On                 ;
; Perform WYSIWYG Primitive Resynthesis                                      ; Off                ; Off                ;
; Auto ROM Replacement                                                       ; On                 ; On                 ;
; Auto RAM Replacement                                                       ; On                 ; On                 ;
; Auto DSP Block Replacement                                                 ; On                 ; On                 ;
; Auto Shift Register Replacement                                            ; Auto               ; Auto               ;
; Allow Shift Register Merging across Hierarchies                            ; Auto               ; Auto               ;
; Auto Clock Enable Replacement                                              ; On                 ; On                 ;
; Strict RAM Replacement                                                     ; Off                ; Off                ;
; Allow Synchronous Control Signals                                          ; On                 ; On                 ;
; Force Use of Synchronous Clear Signals                                     ; Off                ; Off                ;
; Auto RAM Block Balancing                                                   ; On                 ; On                 ;
; Auto RAM to Logic Cell Conversion                                          ; Off                ; Off                ;
; Auto Resource Sharing                                                      ; Off                ; Off                ;
; Allow Any RAM Size For Recognition                                         ; Off                ; Off                ;
; Allow Any ROM Size For Recognition                                         ; Off                ; Off                ;
; Allow Any Shift Register Size For Recognition                              ; Off                ; Off                ;
; Use LogicLock Constraints during Resource Balancing                        ; On                 ; On                 ;
; Ignore translate_off and synthesis_off directives                          ; Off                ; Off                ;
; Timing-Driven Synthesis                                                    ; On                 ; On                 ;
; Report Parameter Settings                                                  ; On                 ; On                 ;
; Report Source Assignments                                                  ; On                 ; On                 ;
; Report Connectivity Checks                                                 ; On                 ; On                 ;
; Ignore Maximum Fan-Out Assignments                                         ; Off                ; Off                ;
; Synchronization Register Chain Length                                      ; 2                  ; 2                  ;
; PowerPlay Power Optimization During Synthesis                              ; Normal compilation ; Normal compilation ;
; HDL message level                                                          ; Level2             ; Level2             ;
; Suppress Register Optimization Related Messages                            ; Off                ; Off                ;
; Number of Removed Registers Reported in Synthesis Report                   ; 5000               ; 5000               ;
; Number of Swept Nodes Reported in Synthesis Report                         ; 5000               ; 5000               ;
; Number of Inverted Registers Reported in Synthesis Report                  ; 100                ; 100                ;
; Clock MUX Protection                                                       ; On                 ; On                 ;
; Auto Gated Clock Conversion                                                ; Off                ; Off                ;
; Block Design Naming                                                        ; Auto               ; Auto               ;
; SDC constraint protection                                                  ; Off                ; Off                ;
; Synthesis Effort                                                           ; Auto               ; Auto               ;
; Shift Register Replacement - Allow Asynchronous Clear Signal               ; On                 ; On                 ;
; Pre-Mapping Resynthesis Optimization                                       ; Off                ; Off                ;
; Analysis & Synthesis Message Level                                         ; Medium             ; Medium             ;
; Disable Register Merging Across Hierarchies                                ; Auto               ; Auto               ;
; Resource Aware Inference For Block RAM                                     ; On                 ; On                 ;
; Synthesis Seed                                                             ; 1                  ; 1                  ;
+----------------------------------------------------------------------------+--------------------+--------------------+


Parallel compilation was disabled, but you have multiple processors available. Enable parallel compilation to reduce compilation time.
+-------------------------------------+
; Parallel Compilation                ;
+----------------------------+--------+
; Processors                 ; Number ;
+----------------------------+--------+
; Number detected on machine ; 8      ;
; Maximum allowed            ; 1      ;
+----------------------------+--------+


+-----------------------------------------------------------------------------------------------------------------------------------------------------------------------------+
; Analysis & Synthesis Source Files Read                                                                                                                                      ;
+----------------------------------+-----------------+------------------------------------+-------------------------------------------------------------------------+---------+
; File Name with User-Entered Path ; Used in Netlist ; File Type                          ; File Name with Absolute Path                                            ; Library ;
+----------------------------------+-----------------+------------------------------------+-------------------------------------------------------------------------+---------+
; ALU4.vhd                         ; yes             ; User VHDL File                     ; C:/altera_lite/docs/Aula3/Parte4/ALU4.vhd                               ;         ;
; Bin7SegDecoder.vhd               ; yes             ; User VHDL File                     ; C:/altera_lite/docs/Aula3/Parte4/Bin7SegDecoder.vhd                     ;         ;
; ALUDemo.bdf                      ; yes             ; User Block Diagram/Schematic File  ; C:/altera_lite/docs/Aula3/Parte4/ALUDemo.bdf                            ;         ;
; Bin2BCD.vhd                      ; yes             ; User VHDL File                     ; C:/altera_lite/docs/Aula3/Parte4/Bin2BCD.vhd                            ;         ;
; lpm_divide.tdf                   ; yes             ; Megafunction                       ; c:/altera_lite/15.1/quartus/libraries/megafunctions/lpm_divide.tdf      ;         ;
; abs_divider.inc                  ; yes             ; Megafunction                       ; c:/altera_lite/15.1/quartus/libraries/megafunctions/abs_divider.inc     ;         ;
; sign_div_unsign.inc              ; yes             ; Megafunction                       ; c:/altera_lite/15.1/quartus/libraries/megafunctions/sign_div_unsign.inc ;         ;
; aglobal151.inc                   ; yes             ; Megafunction                       ; c:/altera_lite/15.1/quartus/libraries/megafunctions/aglobal151.inc      ;         ;
; db/lpm_divide_i9m.tdf            ; yes             ; Auto-Generated Megafunction        ; C:/altera_lite/docs/Aula3/Parte4/db/lpm_divide_i9m.tdf                  ;         ;
; db/sign_div_unsign_7kh.tdf       ; yes             ; Auto-Generated Megafunction        ; C:/altera_lite/docs/Aula3/Parte4/db/sign_div_unsign_7kh.tdf             ;         ;
; db/alt_u_div_24f.tdf             ; yes             ; Auto-Generated Megafunction        ; C:/altera_lite/docs/Aula3/Parte4/db/alt_u_div_24f.tdf                   ;         ;
; db/add_sub_7pc.tdf               ; yes             ; Auto-Generated Megafunction        ; C:/altera_lite/docs/Aula3/Parte4/db/add_sub_7pc.tdf                     ;         ;
; db/add_sub_8pc.tdf               ; yes             ; Auto-Generated Megafunction        ; C:/altera_lite/docs/Aula3/Parte4/db/add_sub_8pc.tdf                     ;         ;
; lpm_mult.tdf                     ; yes             ; Megafunction                       ; c:/altera_lite/15.1/quartus/libraries/megafunctions/lpm_mult.tdf        ;         ;
; lpm_add_sub.inc                  ; yes             ; Megafunction                       ; c:/altera_lite/15.1/quartus/libraries/megafunctions/lpm_add_sub.inc     ;         ;
; multcore.inc                     ; yes             ; Megafunction                       ; c:/altera_lite/15.1/quartus/libraries/megafunctions/multcore.inc        ;         ;
; bypassff.inc                     ; yes             ; Megafunction                       ; c:/altera_lite/15.1/quartus/libraries/megafunctions/bypassff.inc        ;         ;
; altshift.inc                     ; yes             ; Megafunction                       ; c:/altera_lite/15.1/quartus/libraries/megafunctions/altshift.inc        ;         ;
; db/mult_j8t.tdf                  ; yes             ; Auto-Generated Megafunction        ; C:/altera_lite/docs/Aula3/Parte4/db/mult_j8t.tdf                        ;         ;
; db/lpm_divide_fhm.tdf            ; yes             ; Auto-Generated Megafunction        ; C:/altera_lite/docs/Aula3/Parte4/db/lpm_divide_fhm.tdf                  ;         ;
+----------------------------------+-----------------+------------------------------------+-------------------------------------------------------------------------+---------+


+-----------------------------------------------------------+
; Analysis & Synthesis Resource Usage Summary               ;
+---------------------------------------------+-------------+
; Resource                                    ; Usage       ;
+---------------------------------------------+-------------+
; Estimated Total logic elements              ; 121         ;
;                                             ;             ;
; Total combinational functions               ; 121         ;
; Logic element usage by number of LUT inputs ;             ;
;     -- 4 input functions                    ; 62          ;
;     -- 3 input functions                    ; 41          ;
;     -- <=2 input functions                  ; 18          ;
;                                             ;             ;
; Logic elements by mode                      ;             ;
;     -- normal mode                          ; 91          ;
;     -- arithmetic mode                      ; 30          ;
;                                             ;             ;
; Total registers                             ; 0           ;
;     -- Dedicated logic registers            ; 0           ;
;     -- I/O registers                        ; 0           ;
;                                             ;             ;
; I/O pins                                    ; 47          ;
;                                             ;             ;
; Embedded Multiplier 9-bit elements          ; 0           ;
;                                             ;             ;
; Maximum fan-out node                        ; SW[1]~input ;
; Maximum fan-out                             ; 26          ;
; Total fan-out                               ; 476         ;
; Average fan-out                             ; 2.21        ;
+---------------------------------------------+-------------+


+-------------------------------------------------------------------------------------------------------------------------------------------------------------------------------------------------------------------------------------------------------------------------------------------+
; Analysis & Synthesis Resource Utilization by Entity                                                                                                                                                                                                                                       ;
+-------------------------------------------+-------------------+--------------+-------------+--------------+---------+-----------+------+--------------+--------------------------------------------------------------------------------------------------------------------+--------------+
; Compilation Hierarchy Node                ; LC Combinationals ; LC Registers ; Memory Bits ; DSP Elements ; DSP 9x9 ; DSP 18x18 ; Pins ; Virtual Pins ; Full Hierarchy Name                                                                                                ; Library Name ;
+-------------------------------------------+-------------------+--------------+-------------+--------------+---------+-----------+------+--------------+--------------------------------------------------------------------------------------------------------------------+--------------+
; |ALUDemo                                  ; 121 (0)           ; 0 (0)        ; 0           ; 0            ; 0       ; 0         ; 47   ; 0            ; |ALUDemo                                                                                                           ; work         ;
;    |ALU4:inst|                            ; 96 (31)           ; 0 (0)        ; 0           ; 0            ; 0       ; 0         ; 0    ; 0            ; |ALUDemo|ALU4:inst                                                                                                 ; work         ;
;       |lpm_divide:Div0|                   ; 13 (0)            ; 0 (0)        ; 0           ; 0            ; 0       ; 0         ; 0    ; 0            ; |ALUDemo|ALU4:inst|lpm_divide:Div0                                                                                 ; work         ;
;          |lpm_divide_fhm:auto_generated|  ; 13 (0)            ; 0 (0)        ; 0           ; 0            ; 0       ; 0         ; 0    ; 0            ; |ALUDemo|ALU4:inst|lpm_divide:Div0|lpm_divide_fhm:auto_generated                                                   ; work         ;
;             |sign_div_unsign_7kh:divider| ; 13 (0)            ; 0 (0)        ; 0           ; 0            ; 0       ; 0         ; 0    ; 0            ; |ALUDemo|ALU4:inst|lpm_divide:Div0|lpm_divide_fhm:auto_generated|sign_div_unsign_7kh:divider                       ; work         ;
;                |alt_u_div_24f:divider|    ; 13 (13)           ; 0 (0)        ; 0           ; 0            ; 0       ; 0         ; 0    ; 0            ; |ALUDemo|ALU4:inst|lpm_divide:Div0|lpm_divide_fhm:auto_generated|sign_div_unsign_7kh:divider|alt_u_div_24f:divider ; work         ;
;       |lpm_divide:Mod0|                   ; 22 (0)            ; 0 (0)        ; 0           ; 0            ; 0       ; 0         ; 0    ; 0            ; |ALUDemo|ALU4:inst|lpm_divide:Mod0                                                                                 ; work         ;
;          |lpm_divide_i9m:auto_generated|  ; 22 (0)            ; 0 (0)        ; 0           ; 0            ; 0       ; 0         ; 0    ; 0            ; |ALUDemo|ALU4:inst|lpm_divide:Mod0|lpm_divide_i9m:auto_generated                                                   ; work         ;
;             |sign_div_unsign_7kh:divider| ; 22 (0)            ; 0 (0)        ; 0           ; 0            ; 0       ; 0         ; 0    ; 0            ; |ALUDemo|ALU4:inst|lpm_divide:Mod0|lpm_divide_i9m:auto_generated|sign_div_unsign_7kh:divider                       ; work         ;
;                |alt_u_div_24f:divider|    ; 22 (22)           ; 0 (0)        ; 0           ; 0            ; 0       ; 0         ; 0    ; 0            ; |ALUDemo|ALU4:inst|lpm_divide:Mod0|lpm_divide_i9m:auto_generated|sign_div_unsign_7kh:divider|alt_u_div_24f:divider ; work         ;
;       |lpm_mult:Mult0|                    ; 30 (0)            ; 0 (0)        ; 0           ; 0            ; 0       ; 0         ; 0    ; 0            ; |ALUDemo|ALU4:inst|lpm_mult:Mult0                                                                                  ; work         ;
;          |mult_j8t:auto_generated|        ; 30 (30)           ; 0 (0)        ; 0           ; 0            ; 0       ; 0         ; 0    ; 0            ; |ALUDemo|ALU4:inst|lpm_mult:Mult0|mult_j8t:auto_generated                                                          ; work         ;
;    |Bin2BCD:inst1|                        ; 1 (1)             ; 0 (0)        ; 0           ; 0            ; 0       ; 0         ; 0    ; 0            ; |ALUDemo|Bin2BCD:inst1                                                                                             ; work         ;
;    |Bin2BCD:inst2|                        ; 5 (5)             ; 0 (0)        ; 0           ; 0            ; 0       ; 0         ; 0    ; 0            ; |ALUDemo|Bin2BCD:inst2                                                                                             ; work         ;
;    |Bin7SegDecoder:inst6|                 ; 7 (7)             ; 0 (0)        ; 0           ; 0            ; 0       ; 0         ; 0    ; 0            ; |ALUDemo|Bin7SegDecoder:inst6                                                                                      ; work         ;
;    |Bin7SegDecoder:inst8|                 ; 12 (12)           ; 0 (0)        ; 0           ; 0            ; 0       ; 0         ; 0    ; 0            ; |ALUDemo|Bin7SegDecoder:inst8                                                                                      ; work         ;
+-------------------------------------------+-------------------+--------------+-------------+--------------+---------+-----------+------+--------------+--------------------------------------------------------------------------------------------------------------------+--------------+
Note: For table entries with two numbers listed, the numbers in parentheses indicate the number of resources of the given type used by the specific entity alone. The numbers listed outside of parentheses indicate the total resources of the given type used by the specific entity and all of its sub-entities in the hierarchy.


+------------------------------------------------------+
; General Register Statistics                          ;
+----------------------------------------------+-------+
; Statistic                                    ; Value ;
+----------------------------------------------+-------+
; Total registers                              ; 0     ;
; Number of registers using Synchronous Clear  ; 0     ;
; Number of registers using Synchronous Load   ; 0     ;
; Number of registers using Asynchronous Clear ; 0     ;
; Number of registers using Asynchronous Load  ; 0     ;
; Number of registers using Clock Enable       ; 0     ;
; Number of registers using Preset             ; 0     ;
+----------------------------------------------+-------+


+------------------------------------------------------------------------------------------------------------------------------------------------------+
; Multiplexer Restructuring Statistics (Restructuring Performed)                                                                                       ;
+--------------------+-----------+---------------+----------------------+------------------------+------------+----------------------------------------+
; Multiplexer Inputs ; Bus Width ; Baseline Area ; Area if Restructured ; Saving if Restructured ; Registered ; Example Multiplexer Output             ;
+--------------------+-----------+---------------+----------------------+------------------------+------------+----------------------------------------+
; 8:1                ; 4 bits    ; 20 LEs        ; 16 LEs               ; 4 LEs                  ; No         ; |ALUDemo|ALU4:inst|Mux3                ;
; 16:1               ; 2 bits    ; 20 LEs        ; 16 LEs               ; 4 LEs                  ; No         ; |ALUDemo|Bin7SegDecoder:inst6|decOut_n ;
; 16:1               ; 2 bits    ; 20 LEs        ; 16 LEs               ; 4 LEs                  ; No         ; |ALUDemo|Bin7SegDecoder:inst8|decOut_n ;
+--------------------+-----------+---------------+----------------------+------------------------+------------+----------------------------------------+


+----------------------------------------------------------------------------+
; Parameter Settings for Inferred Entity Instance: ALU4:inst|lpm_divide:Mod0 ;
+------------------------+----------------+----------------------------------+
; Parameter Name         ; Value          ; Type                             ;
+------------------------+----------------+----------------------------------+
; LPM_WIDTHN             ; 4              ; Untyped                          ;
; LPM_WIDTHD             ; 4              ; Untyped                          ;
; LPM_NREPRESENTATION    ; UNSIGNED       ; Untyped                          ;
; LPM_DREPRESENTATION    ; UNSIGNED       ; Untyped                          ;
; LPM_PIPELINE           ; 0              ; Untyped                          ;
; LPM_REMAINDERPOSITIVE  ; TRUE           ; Untyped                          ;
; MAXIMIZE_SPEED         ; 5              ; Untyped                          ;
; CBXI_PARAMETER         ; lpm_divide_i9m ; Untyped                          ;
; CARRY_CHAIN            ; MANUAL         ; Untyped                          ;
; OPTIMIZE_FOR_SPEED     ; 5              ; Untyped                          ;
; AUTO_CARRY_CHAINS      ; ON             ; AUTO_CARRY                       ;
; IGNORE_CARRY_BUFFERS   ; OFF            ; IGNORE_CARRY                     ;
; AUTO_CASCADE_CHAINS    ; ON             ; AUTO_CASCADE                     ;
; IGNORE_CASCADE_BUFFERS ; OFF            ; IGNORE_CASCADE                   ;
+------------------------+----------------+----------------------------------+
Note: In order to hide this table in the UI and the text report file, please set the "Show Parameter Settings in Synthesis Report" option in "Analysis and Synthesis Settings -> More Settings" to "Off".


+-------------------------------------------------------------------------------------+
; Parameter Settings for Inferred Entity Instance: ALU4:inst|lpm_mult:Mult0           ;
+------------------------------------------------+--------------+---------------------+
; Parameter Name                                 ; Value        ; Type                ;
+------------------------------------------------+--------------+---------------------+
; AUTO_CARRY_CHAINS                              ; ON           ; AUTO_CARRY          ;
; IGNORE_CARRY_BUFFERS                           ; OFF          ; IGNORE_CARRY        ;
; AUTO_CASCADE_CHAINS                            ; ON           ; AUTO_CASCADE        ;
; IGNORE_CASCADE_BUFFERS                         ; OFF          ; IGNORE_CASCADE      ;
; LPM_WIDTHA                                     ; 4            ; Untyped             ;
; LPM_WIDTHB                                     ; 4            ; Untyped             ;
; LPM_WIDTHP                                     ; 8            ; Untyped             ;
; LPM_WIDTHR                                     ; 8            ; Untyped             ;
; LPM_WIDTHS                                     ; 1            ; Untyped             ;
; LPM_REPRESENTATION                             ; UNSIGNED     ; Untyped             ;
; LPM_PIPELINE                                   ; 0            ; Untyped             ;
; LATENCY                                        ; 0            ; Untyped             ;
; INPUT_A_IS_CONSTANT                            ; NO           ; Untyped             ;
; INPUT_B_IS_CONSTANT                            ; NO           ; Untyped             ;
; USE_EAB                                        ; OFF          ; Untyped             ;
; MAXIMIZE_SPEED                                 ; 5            ; Untyped             ;
; DEVICE_FAMILY                                  ; Cyclone IV E ; Untyped             ;
; CARRY_CHAIN                                    ; MANUAL       ; Untyped             ;
; APEX20K_TECHNOLOGY_MAPPER                      ; LUT          ; TECH_MAPPER_APEX20K ;
; DEDICATED_MULTIPLIER_CIRCUITRY                 ; AUTO         ; Untyped             ;
; DEDICATED_MULTIPLIER_MIN_INPUT_WIDTH_FOR_AUTO  ; 0            ; Untyped             ;
; DEDICATED_MULTIPLIER_MIN_OUTPUT_WIDTH_FOR_AUTO ; 0            ; Untyped             ;
; CBXI_PARAMETER                                 ; mult_j8t     ; Untyped             ;
; INPUT_A_FIXED_VALUE                            ; Bx           ; Untyped             ;
; INPUT_B_FIXED_VALUE                            ; Bx           ; Untyped             ;
; USE_AHDL_IMPLEMENTATION                        ; OFF          ; Untyped             ;
+------------------------------------------------+--------------+---------------------+
Note: In order to hide this table in the UI and the text report file, please set the "Show Parameter Settings in Synthesis Report" option in "Analysis and Synthesis Settings -> More Settings" to "Off".


+----------------------------------------------------------------------------+
; Parameter Settings for Inferred Entity Instance: ALU4:inst|lpm_divide:Div0 ;
+------------------------+----------------+----------------------------------+
; Parameter Name         ; Value          ; Type                             ;
+------------------------+----------------+----------------------------------+
; LPM_WIDTHN             ; 4              ; Untyped                          ;
; LPM_WIDTHD             ; 4              ; Untyped                          ;
; LPM_NREPRESENTATION    ; UNSIGNED       ; Untyped                          ;
; LPM_DREPRESENTATION    ; UNSIGNED       ; Untyped                          ;
; LPM_PIPELINE           ; 0              ; Untyped                          ;
; LPM_REMAINDERPOSITIVE  ; TRUE           ; Untyped                          ;
; MAXIMIZE_SPEED         ; 5              ; Untyped                          ;
; CBXI_PARAMETER         ; lpm_divide_fhm ; Untyped                          ;
; CARRY_CHAIN            ; MANUAL         ; Untyped                          ;
; OPTIMIZE_FOR_SPEED     ; 5              ; Untyped                          ;
; AUTO_CARRY_CHAINS      ; ON             ; AUTO_CARRY                       ;
; IGNORE_CARRY_BUFFERS   ; OFF            ; IGNORE_CARRY                     ;
; AUTO_CASCADE_CHAINS    ; ON             ; AUTO_CASCADE                     ;
; IGNORE_CASCADE_BUFFERS ; OFF            ; IGNORE_CASCADE                   ;
+------------------------+----------------+----------------------------------+
Note: In order to hide this table in the UI and the text report file, please set the "Show Parameter Settings in Synthesis Report" option in "Analysis and Synthesis Settings -> More Settings" to "Off".


+------------------------------------------------------------------+
; lpm_mult Parameter Settings by Entity Instance                   ;
+---------------------------------------+--------------------------+
; Name                                  ; Value                    ;
+---------------------------------------+--------------------------+
; Number of entity instances            ; 1                        ;
; Entity Instance                       ; ALU4:inst|lpm_mult:Mult0 ;
;     -- LPM_WIDTHA                     ; 4                        ;
;     -- LPM_WIDTHB                     ; 4                        ;
;     -- LPM_WIDTHP                     ; 8                        ;
;     -- LPM_REPRESENTATION             ; UNSIGNED                 ;
;     -- INPUT_A_IS_CONSTANT            ; NO                       ;
;     -- INPUT_B_IS_CONSTANT            ; NO                       ;
;     -- USE_EAB                        ; OFF                      ;
;     -- DEDICATED_MULTIPLIER_CIRCUITRY ; AUTO                     ;
;     -- INPUT_A_FIXED_VALUE            ; Bx                       ;
;     -- INPUT_B_FIXED_VALUE            ; Bx                       ;
+---------------------------------------+--------------------------+


+-----------------------------------------------------+
; Post-Synthesis Netlist Statistics for Top Partition ;
+-----------------------+-----------------------------+
; Type                  ; Count                       ;
+-----------------------+-----------------------------+
; boundary_port         ; 47                          ;
; cycloneiii_lcell_comb ; 129                         ;
;     arith             ; 30                          ;
;         2 data inputs ; 3                           ;
;         3 data inputs ; 27                          ;
;     normal            ; 99                          ;
;         0 data inputs ; 6                           ;
;         1 data inputs ; 6                           ;
;         2 data inputs ; 11                          ;
;         3 data inputs ; 14                          ;
;         4 data inputs ; 62                          ;
;                       ;                             ;
; Max LUT depth         ; 11.50                       ;
; Average LUT depth     ; 8.35                        ;
+-----------------------+-----------------------------+


+-------------------------------+
; Elapsed Time Per Partition    ;
+----------------+--------------+
; Partition Name ; Elapsed Time ;
+----------------+--------------+
; Top            ; 00:00:01     ;
+----------------+--------------+


+-------------------------------+
; Analysis & Synthesis Messages ;
+-------------------------------+
Info: *******************************************************************
Info: Running Quartus Prime Analysis & Synthesis
    Info: Version 15.1.1 Build 189 12/02/2015 SJ Lite Edition
    Info: Processing started: Tue Mar 07 21:36:08 2017
Info: Command: quartus_map --read_settings_files=on --write_settings_files=off ALUDemo -c ALUDemo
Warning (20028): Parallel compilation is not licensed and has been disabled
Info (12021): Found 2 design units, including 1 entities, in source file alu4.vhd
    Info (12022): Found design unit 1: ALU4-Behavioral File: C:/altera_lite/docs/Aula3/Parte4/ALU4.vhd Line: 11
    Info (12023): Found entity 1: ALU4 File: C:/altera_lite/docs/Aula3/Parte4/ALU4.vhd Line: 5
Info (12021): Found 2 design units, including 1 entities, in source file bin7segdecoder.vhd
    Info (12022): Found design unit 1: Bin7SegDecoder-Behavioral File: C:/altera_lite/docs/Aula3/Parte4/Bin7SegDecoder.vhd Line: 10
    Info (12023): Found entity 1: Bin7SegDecoder File: C:/altera_lite/docs/Aula3/Parte4/Bin7SegDecoder.vhd Line: 4
Info (12021): Found 1 design units, including 1 entities, in source file aludemo.bdf
    Info (12023): Found entity 1: ALUDemo
Info (12021): Found 2 design units, including 1 entities, in source file bin2bcd.vhd
    Info (12022): Found design unit 1: Bin2BCD-BehavProc File: C:/altera_lite/docs/Aula3/Parte4/Bin2BCD.vhd Line: 11
    Info (12023): Found entity 1: Bin2BCD File: C:/altera_lite/docs/Aula3/Parte4/Bin2BCD.vhd Line: 5
Info (12127): Elaborating entity "ALUDemo" for the top level hierarchy
Info (12128): Elaborating entity "Bin7SegDecoder" for hierarchy "Bin7SegDecoder:inst6"
Info (12128): Elaborating entity "Bin2BCD" for hierarchy "Bin2BCD:inst1"
Info (12128): Elaborating entity "ALU4" for hierarchy "ALU4:inst"
Info (278001): Inferred 3 megafunctions from design logic
    Info (278004): Inferred divider/modulo megafunction ("lpm_divide") from the following logic: "ALU4:inst|Mod0" File: C:/altera_lite/docs/Aula3/Parte4/ALU4.vhd Line: 24
    Info (278003): Inferred multiplier megafunction ("lpm_mult") from the following logic: "ALU4:inst|Mult0" File: C:/altera_lite/docs/Aula3/Parte4/ALU4.vhd Line: 18
    Info (278004): Inferred divider/modulo megafunction ("lpm_divide") from the following logic: "ALU4:inst|Div0" File: C:/altera_lite/docs/Aula3/Parte4/ALU4.vhd Line: 23
Info (12130): Elaborated megafunction instantiation "ALU4:inst|lpm_divide:Mod0" File: C:/altera_lite/docs/Aula3/Parte4/ALU4.vhd Line: 24
Info (12133): Instantiated megafunction "ALU4:inst|lpm_divide:Mod0" with the following parameter: File: C:/altera_lite/docs/Aula3/Parte4/ALU4.vhd Line: 24
    Info (12134): Parameter "LPM_WIDTHN" = "4"
    Info (12134): Parameter "LPM_WIDTHD" = "4"
    Info (12134): Parameter "LPM_NREPRESENTATION" = "UNSIGNED"
    Info (12134): Parameter "LPM_DREPRESENTATION" = "UNSIGNED"
Info (12021): Found 1 design units, including 1 entities, in source file db/lpm_divide_i9m.tdf
    Info (12023): Found entity 1: lpm_divide_i9m File: C:/altera_lite/docs/Aula3/Parte4/db/lpm_divide_i9m.tdf Line: 25
Info (12021): Found 1 design units, including 1 entities, in source file db/sign_div_unsign_7kh.tdf
    Info (12023): Found entity 1: sign_div_unsign_7kh File: C:/altera_lite/docs/Aula3/Parte4/db/sign_div_unsign_7kh.tdf Line: 25
Info (12021): Found 1 design units, including 1 entities, in source file db/alt_u_div_24f.tdf
    Info (12023): Found entity 1: alt_u_div_24f File: C:/altera_lite/docs/Aula3/Parte4/db/alt_u_div_24f.tdf Line: 27
Info (12021): Found 1 design units, including 1 entities, in source file db/add_sub_7pc.tdf
    Info (12023): Found entity 1: add_sub_7pc File: C:/altera_lite/docs/Aula3/Parte4/db/add_sub_7pc.tdf Line: 23
Info (12021): Found 1 design units, including 1 entities, in source file db/add_sub_8pc.tdf
    Info (12023): Found entity 1: add_sub_8pc File: C:/altera_lite/docs/Aula3/Parte4/db/add_sub_8pc.tdf Line: 23
Info (12130): Elaborated megafunction instantiation "ALU4:inst|lpm_mult:Mult0" File: C:/altera_lite/docs/Aula3/Parte4/ALU4.vhd Line: 18
Info (12133): Instantiated megafunction "ALU4:inst|lpm_mult:Mult0" with the following parameter: File: C:/altera_lite/docs/Aula3/Parte4/ALU4.vhd Line: 18
    Info (12134): Parameter "LPM_WIDTHA" = "4"
    Info (12134): Parameter "LPM_WIDTHB" = "4"
    Info (12134): Parameter "LPM_WIDTHP" = "8"
    Info (12134): Parameter "LPM_WIDTHR" = "8"
    Info (12134): Parameter "LPM_WIDTHS" = "1"
    Info (12134): Parameter "LPM_REPRESENTATION" = "UNSIGNED"
    Info (12134): Parameter "INPUT_A_IS_CONSTANT" = "NO"
    Info (12134): Parameter "INPUT_B_IS_CONSTANT" = "NO"
    Info (12134): Parameter "MAXIMIZE_SPEED" = "5"
Info (12021): Found 1 design units, including 1 entities, in source file db/mult_j8t.tdf
    Info (12023): Found entity 1: mult_j8t File: C:/altera_lite/docs/Aula3/Parte4/db/mult_j8t.tdf Line: 29
Info (12130): Elaborated megafunction instantiation "ALU4:inst|lpm_divide:Div0" File: C:/altera_lite/docs/Aula3/Parte4/ALU4.vhd Line: 23
Info (12133): Instantiated megafunction "ALU4:inst|lpm_divide:Div0" with the following parameter: File: C:/altera_lite/docs/Aula3/Parte4/ALU4.vhd Line: 23
    Info (12134): Parameter "LPM_WIDTHN" = "4"
    Info (12134): Parameter "LPM_WIDTHD" = "4"
    Info (12134): Parameter "LPM_NREPRESENTATION" = "UNSIGNED"
    Info (12134): Parameter "LPM_DREPRESENTATION" = "UNSIGNED"
Info (12021): Found 1 design units, including 1 entities, in source file db/lpm_divide_fhm.tdf
    Info (12023): Found entity 1: lpm_divide_fhm File: C:/altera_lite/docs/Aula3/Parte4/db/lpm_divide_fhm.tdf Line: 25
Warning (14284): Synthesized away the following node(s):
    Warning (14285): Synthesized away the following LCELL buffer node(s):
        Warning (14320): Synthesized away node "ALU4:inst|lpm_mult:Mult0|mult_j8t:auto_generated|le5a[4]" File: C:/altera_lite/docs/Aula3/Parte4/db/mult_j8t.tdf Line: 43
Info (13014): Ignored 48 buffer(s)
    Info (13016): Ignored 4 CARRY_SUM buffer(s)
    Info (13019): Ignored 44 SOFT buffer(s)
Warning (13024): Output pins are stuck at VCC or GND
    Warning (13410): Pin "HEX1[6]" is stuck at VCC
    Warning (13410): Pin "HEX1[2]" is stuck at GND
    Warning (13410): Pin "HEX1[1]" is stuck at GND
    Warning (13410): Pin "HEX3[6]" is stuck at VCC
    Warning (13410): Pin "HEX3[2]" is stuck at GND
    Warning (13410): Pin "HEX3[1]" is stuck at GND
Info (286030): Timing-Driven Synthesis is running
Info (16010): Generating hard_block partition "hard_block:auto_generated_inst"
    Info (16011): Adding 0 node(s), including 0 DDIO, 0 PLL, 0 transceiver and 0 LCELL
Info (21057): Implemented 168 device resources after synthesis - the final resource count might be different
    Info (21058): Implemented 11 input pins
    Info (21059): Implemented 36 output pins
    Info (21061): Implemented 121 logic cells
Info: Quartus Prime Analysis & Synthesis was successful. 0 errors, 11 warnings
    Info: Peak virtual memory: 879 megabytes
    Info: Processing ended: Tue Mar 07 21:36:24 2017
    Info: Elapsed time: 00:00:16
    Info: Total CPU time (on all processors): 00:00:32


