Flow report for Counter_Demo
Mon Mar 06 16:11:38 2017
Quartus Prime Version 15.1.1 Build 189 12/02/2015 SJ Lite Edition


---------------------
; Table of Contents ;
---------------------
  1. Legal Notice
  2. Flow Summary
  3. Flow Settings
  4. Flow Non-Default Global Settings
  5. Flow Elapsed Time
  6. Flow OS Summary
  7. Flow Log
  8. Flow Messages
  9. Flow Suppressed Messages



----------------
; Legal Notice ;
----------------
Copyright (C) 1991-2015 Altera Corporation. All rights reserved.
Your use of Altera Corporation's design tools, logic functions 
and other software and tools, and its AMPP partner logic 
functions, and any output files from any of the foregoing 
(including device programming or simulation files), and any 
associated documentation or information are expressly subject 
to the terms and conditions of the Altera Program License 
Subscription Agreement, the Altera Quartus Prime License Agreement,
the Altera MegaCore Function License Agreement, or other 
applicable license agreement, including, without limitation, 
that your use is for the sole purpose of programming logic 
devices manufactured by Altera and sold by Altera or its 
authorized distributors.  Please refer to the applicable 
agreement for further details.



+----------------------------------------------------------------------------------+
; Flow Summary                                                                     ;
+------------------------------------+---------------------------------------------+
; Flow Status                        ; Successful - Mon Mar 06 16:11:32 2017       ;
; Quartus Prime Version              ; 15.1.1 Build 189 12/02/2015 SJ Lite Edition ;
; Revision Name                      ; Counter_Demo                                ;
; Top-level Entity Name              ; CounterLoad_Demo                            ;
; Family                             ; Cyclone IV E                                ;
; Total logic elements               ; 14 / 6,272 ( < 1 % )                        ;
;     Total combinational functions  ; 14 / 6,272 ( < 1 % )                        ;
;     Dedicated logic registers      ; 4 / 6,272 ( < 1 % )                         ;
; Total registers                    ; 4                                           ;
; Total pins                         ; 20 / 92 ( 22 % )                            ;
; Total virtual pins                 ; 0                                           ;
; Total memory bits                  ; 0 / 276,480 ( 0 % )                         ;
; Embedded Multiplier 9-bit elements ; 0 / 30 ( 0 % )                              ;
; Total PLLs                         ; 0 / 2 ( 0 % )                               ;
; Device                             ; EP4CE6E22C6                                 ;
; Timing Models                      ; Final                                       ;
+------------------------------------+---------------------------------------------+


+-----------------------------------------+
; Flow Settings                           ;
+-------------------+---------------------+
; Option            ; Setting             ;
+-------------------+---------------------+
; Start date & time ; 03/06/2017 16:10:59 ;
; Main task         ; Compilation         ;
; Revision Name     ; Counter_Demo        ;
+-------------------+---------------------+


+--------------------------------------------------------------------------------------------------------------------+
; Flow Non-Default Global Settings                                                                                   ;
+-------------------------------------+------------------------------+---------------+------------------+------------+
; Assignment Name                     ; Value                        ; Default Value ; Entity Name      ; Section Id ;
+-------------------------------------+------------------------------+---------------+------------------+------------+
; COMPILER_SIGNATURE_ID               ; 345052807169.148881665807312 ; --            ; --               ; --         ;
; EDA_SIMULATION_TOOL                 ; ModelSim-Altera (VHDL)       ; <None>        ; --               ; --         ;
; PARTITION_COLOR                     ; 16764057                     ; --            ; CounterLoad_Demo ; Top        ;
; PARTITION_FITTER_PRESERVATION_LEVEL ; PLACEMENT_AND_ROUTING        ; --            ; CounterLoad_Demo ; Top        ;
; PARTITION_NETLIST_TYPE              ; SOURCE                       ; --            ; CounterLoad_Demo ; Top        ;
; PROJECT_OUTPUT_DIRECTORY            ; output_files                 ; --            ; --               ; --         ;
; TOP_LEVEL_ENTITY                    ; CounterLoad_Demo             ; Counter_Demo  ; --               ; --         ;
+-------------------------------------+------------------------------+---------------+------------------+------------+


+-------------------------------------------------------------------------------------------------------------------------------+
; Flow Elapsed Time                                                                                                             ;
+---------------------------+--------------+-------------------------+---------------------+------------------------------------+
; Module Name               ; Elapsed Time ; Average Processors Used ; Peak Virtual Memory ; Total CPU Time (on all processors) ;
+---------------------------+--------------+-------------------------+---------------------+------------------------------------+
; Analysis & Synthesis      ; 00:00:14     ; 1.0                     ; 862 MB              ; 00:00:29                           ;
; Fitter                    ; 00:00:05     ; 1.0                     ; 1062 MB             ; 00:00:05                           ;
; Assembler                 ; 00:00:02     ; 1.0                     ; 745 MB              ; 00:00:01                           ;
; TimeQuest Timing Analyzer ; 00:00:02     ; 1.0                     ; 800 MB              ; 00:00:02                           ;
; Total                     ; 00:00:23     ; --                      ; --                  ; 00:00:37                           ;
+---------------------------+--------------+-------------------------+---------------------+------------------------------------+


+----------------------------------------------------------------------------------------+
; Flow OS Summary                                                                        ;
+---------------------------+------------------+-----------+------------+----------------+
; Module Name               ; Machine Hostname ; OS Name   ; OS Version ; Processor type ;
+---------------------------+------------------+-----------+------------+----------------+
; Analysis & Synthesis      ; ENVY-PC          ; Windows 8 ; 6.2        ; x86_64         ;
; Fitter                    ; ENVY-PC          ; Windows 8 ; 6.2        ; x86_64         ;
; Assembler                 ; ENVY-PC          ; Windows 8 ; 6.2        ; x86_64         ;
; TimeQuest Timing Analyzer ; ENVY-PC          ; Windows 8 ; 6.2        ; x86_64         ;
+---------------------------+------------------+-----------+------------+----------------+


------------
; Flow Log ;
------------
quartus_map --read_settings_files=on --write_settings_files=off Counter_Demo -c Counter_Demo
quartus_fit --read_settings_files=off --write_settings_files=off Counter_Demo -c Counter_Demo
quartus_asm --read_settings_files=off --write_settings_files=off Counter_Demo -c Counter_Demo
quartus_sta Counter_Demo -c Counter_Demo



