Analysis & Synthesis report for DebugDemo
Mon Mar 27 17:24:49 2017
Quartus Prime Version 15.1.1 Build 189 12/02/2015 SJ Lite Edition


---------------------
; Table of Contents ;
---------------------
  1. Legal Notice
  2. Analysis & Synthesis Summary
  3. Analysis & Synthesis Settings
  4. Parallel Compilation
  5. Source assignments for sld_signaltap:auto_signaltap_0
  6. Parameter Settings for Inferred Entity Instance: sld_signaltap:auto_signaltap_0
  7. Port Connectivity Checks: "CntUp:system_core"
  8. Analysis & Synthesis Messages



----------------
; Legal Notice ;
----------------
Copyright (C) 1991-2015 Altera Corporation. All rights reserved.
Your use of Altera Corporation's design tools, logic functions 
and other software and tools, and its AMPP partner logic 
functions, and any output files from any of the foregoing 
(including device programming or simulation files), and any 
associated documentation or information are expressly subject 
to the terms and conditions of the Altera Program License 
Subscription Agreement, the Altera Quartus Prime License Agreement,
the Altera MegaCore Function License Agreement, or other 
applicable license agreement, including, without limitation, 
that your use is for the sole purpose of programming logic 
devices manufactured by Altera and sold by Altera or its 
authorized distributors.  Please refer to the applicable 
agreement for further details.



+----------------------------------------------------------------------------------+
; Analysis & Synthesis Summary                                                     ;
+------------------------------------+---------------------------------------------+
; Analysis & Synthesis Status        ; Failed - Mon Mar 27 17:24:49 2017           ;
; Quartus Prime Version              ; 15.1.1 Build 189 12/02/2015 SJ Lite Edition ;
; Revision Name                      ; DebugDemo                                   ;
; Top-level Entity Name              ; DebugDemo                                   ;
; Family                             ; Cyclone IV E                                ;
; Total logic elements               ; N/A until Partition Merge                   ;
;     Total combinational functions  ; N/A until Partition Merge                   ;
;     Dedicated logic registers      ; N/A until Partition Merge                   ;
; Total registers                    ; N/A until Partition Merge                   ;
; Total pins                         ; N/A until Partition Merge                   ;
; Total virtual pins                 ; N/A until Partition Merge                   ;
; Total memory bits                  ; N/A until Partition Merge                   ;
; Embedded Multiplier 9-bit elements ; N/A until Partition Merge                   ;
; Total PLLs                         ; N/A until Partition Merge                   ;
+------------------------------------+---------------------------------------------+


+----------------------------------------------------------------------------------------------------------------------+
; Analysis & Synthesis Settings                                                                                        ;
+----------------------------------------------------------------------------+--------------------+--------------------+
; Option                                                                     ; Setting            ; Default Value      ;
+----------------------------------------------------------------------------+--------------------+--------------------+
; Device                                                                     ; EP4CE115F29C7      ;                    ;
; Top-level entity name                                                      ; DebugDemo          ; DebugDemo          ;
; Family name                                                                ; Cyclone IV E       ; Cyclone V          ;
; Use smart compilation                                                      ; Off                ; Off                ;
; Enable parallel Assembler and TimeQuest Timing Analyzer during compilation ; On                 ; On                 ;
; Enable compact report table                                                ; Off                ; Off                ;
; Restructure Multiplexers                                                   ; Auto               ; Auto               ;
; Create Debugging Nodes for IP Cores                                        ; Off                ; Off                ;
; Preserve fewer node names                                                  ; On                 ; On                 ;
; Disable OpenCore Plus hardware evaluation                                  ; Off                ; Off                ;
; Verilog Version                                                            ; Verilog_2001       ; Verilog_2001       ;
; VHDL Version                                                               ; VHDL_1993          ; VHDL_1993          ;
; State Machine Processing                                                   ; Auto               ; Auto               ;
; Safe State Machine                                                         ; Off                ; Off                ;
; Extract Verilog State Machines                                             ; On                 ; On                 ;
; Extract VHDL State Machines                                                ; On                 ; On                 ;
; Ignore Verilog initial constructs                                          ; Off                ; Off                ;
; Iteration limit for constant Verilog loops                                 ; 5000               ; 5000               ;
; Iteration limit for non-constant Verilog loops                             ; 250                ; 250                ;
; Add Pass-Through Logic to Inferred RAMs                                    ; On                 ; On                 ;
; Infer RAMs from Raw Logic                                                  ; On                 ; On                 ;
; Parallel Synthesis                                                         ; On                 ; On                 ;
; DSP Block Balancing                                                        ; Auto               ; Auto               ;
; NOT Gate Push-Back                                                         ; On                 ; On                 ;
; Power-Up Don't Care                                                        ; On                 ; On                 ;
; Remove Redundant Logic Cells                                               ; Off                ; Off                ;
; Remove Duplicate Registers                                                 ; On                 ; On                 ;
; Ignore CARRY Buffers                                                       ; Off                ; Off                ;
; Ignore CASCADE Buffers                                                     ; Off                ; Off                ;
; Ignore GLOBAL Buffers                                                      ; Off                ; Off                ;
; Ignore ROW GLOBAL Buffers                                                  ; Off                ; Off                ;
; Ignore LCELL Buffers                                                       ; Off                ; Off                ;
; Ignore SOFT Buffers                                                        ; On                 ; On                 ;
; Limit AHDL Integers to 32 Bits                                             ; Off                ; Off                ;
; Optimization Technique                                                     ; Balanced           ; Balanced           ;
; Carry Chain Length                                                         ; 70                 ; 70                 ;
; Auto Carry Chains                                                          ; On                 ; On                 ;
; Auto Open-Drain Pins                                                       ; On                 ; On                 ;
; Perform WYSIWYG Primitive Resynthesis                                      ; Off                ; Off                ;
; Auto ROM Replacement                                                       ; On                 ; On                 ;
; Auto RAM Replacement                                                       ; On                 ; On                 ;
; Auto DSP Block Replacement                                                 ; On                 ; On                 ;
; Auto Shift Register Replacement                                            ; Auto               ; Auto               ;
; Allow Shift Register Merging across Hierarchies                            ; Auto               ; Auto               ;
; Auto Clock Enable Replacement                                              ; On                 ; On                 ;
; Strict RAM Replacement                                                     ; Off                ; Off                ;
; Allow Synchronous Control Signals                                          ; On                 ; On                 ;
; Force Use of Synchronous Clear Signals                                     ; Off                ; Off                ;
; Auto RAM Block Balancing                                                   ; On                 ; On                 ;
; Auto RAM to Logic Cell Conversion                                          ; Off                ; Off                ;
; Auto Resource Sharing                                                      ; Off                ; Off                ;
; Allow Any RAM Size For Recognition                                         ; Off                ; Off                ;
; Allow Any ROM Size For Recognition                                         ; Off                ; Off                ;
; Allow Any Shift Register Size For Recognition                              ; Off                ; Off                ;
; Use LogicLock Constraints during Resource Balancing                        ; On                 ; On                 ;
; Ignore translate_off and synthesis_off directives                          ; Off                ; Off                ;
; Timing-Driven Synthesis                                                    ; On                 ; On                 ;
; Report Parameter Settings                                                  ; On                 ; On                 ;
; Report Source Assignments                                                  ; On                 ; On                 ;
; Report Connectivity Checks                                                 ; On                 ; On                 ;
; Ignore Maximum Fan-Out Assignments                                         ; Off                ; Off                ;
; Synchronization Register Chain Length                                      ; 2                  ; 2                  ;
; PowerPlay Power Optimization During Synthesis                              ; Normal compilation ; Normal compilation ;
; HDL message level                                                          ; Level2             ; Level2             ;
; Suppress Register Optimization Related Messages                            ; Off                ; Off                ;
; Number of Removed Registers Reported in Synthesis Report                   ; 5000               ; 5000               ;
; Number of Swept Nodes Reported in Synthesis Report                         ; 5000               ; 5000               ;
; Number of Inverted Registers Reported in Synthesis Report                  ; 100                ; 100                ;
; Clock MUX Protection                                                       ; On                 ; On                 ;
; Auto Gated Clock Conversion                                                ; Off                ; Off                ;
; Block Design Naming                                                        ; Auto               ; Auto               ;
; SDC constraint protection                                                  ; Off                ; Off                ;
; Synthesis Effort                                                           ; Auto               ; Auto               ;
; Shift Register Replacement - Allow Asynchronous Clear Signal               ; On                 ; On                 ;
; Pre-Mapping Resynthesis Optimization                                       ; Off                ; Off                ;
; Analysis & Synthesis Message Level                                         ; Medium             ; Medium             ;
; Disable Register Merging Across Hierarchies                                ; Auto               ; Auto               ;
; Resource Aware Inference For Block RAM                                     ; On                 ; On                 ;
; Synthesis Seed                                                             ; 1                  ; 1                  ;
+----------------------------------------------------------------------------+--------------------+--------------------+


Parallel compilation was disabled, but you have multiple processors available. Enable parallel compilation to reduce compilation time.
+-------------------------------------+
; Parallel Compilation                ;
+----------------------------+--------+
; Processors                 ; Number ;
+----------------------------+--------+
; Number detected on machine ; 8      ;
; Maximum allowed            ; 1      ;
+----------------------------+--------+


+-------------------------------------------------------+
; Source assignments for sld_signaltap:auto_signaltap_0 ;
+-----------------+-------+------+----------------------+
; Assignment      ; Value ; From ; To                   ;
+-----------------+-------+------+----------------------+
; MESSAGE_DISABLE ; 13410 ; -    ; -                    ;
+-----------------+-------+------+----------------------+


+--------------------------------------------------------------------------------------------------------+
; Parameter Settings for Inferred Entity Instance: sld_signaltap:auto_signaltap_0                        ;
+-------------------------------------------------+-------------------------------------+----------------+
; Parameter Name                                  ; Value                               ; Type           ;
+-------------------------------------------------+-------------------------------------+----------------+
; lpm_type                                        ; sld_signaltap                       ; String         ;
; sld_node_info                                   ; 805334528                           ; Untyped        ;
; SLD_SECTION_ID                                  ; hdl_signaltap_0                     ; String         ;
; SLD_IP_VERSION                                  ; 6                                   ; Signed Integer ;
; SLD_IP_MINOR_VERSION                            ; 0                                   ; Signed Integer ;
; SLD_COMMON_IP_VERSION                           ; 0                                   ; Signed Integer ;
; sld_data_bits                                   ; 3                                   ; Untyped        ;
; sld_trigger_bits                                ; 3                                   ; Untyped        ;
; SLD_NODE_CRC_BITS                               ; 32                                  ; Signed Integer ;
; SLD_NODE_CRC_HIWORD                             ; 41394                               ; Signed Integer ;
; SLD_NODE_CRC_LOWORD                             ; 50132                               ; Signed Integer ;
; sld_incremental_routing                         ; 1                                   ; Untyped        ;
; sld_sample_depth                                ; 4096                                ; Untyped        ;
; sld_segment_size                                ; 4096                                ; Untyped        ;
; sld_ram_block_type                              ; AUTO                                ; Untyped        ;
; sld_state_bits                                  ; 11                                  ; Untyped        ;
; sld_buffer_full_stop                            ; 1                                   ; Untyped        ;
; SLD_MEM_ADDRESS_BITS                            ; 7                                   ; Signed Integer ;
; SLD_DATA_BIT_CNTR_BITS                          ; 4                                   ; Signed Integer ;
; sld_trigger_level                               ; 1                                   ; Untyped        ;
; sld_trigger_in_enabled                          ; 0                                   ; Untyped        ;
; SLD_HPS_TRIGGER_IN_ENABLED                      ; 0                                   ; Signed Integer ;
; SLD_HPS_TRIGGER_OUT_ENABLED                     ; 0                                   ; Signed Integer ;
; SLD_HPS_EVENT_ENABLED                           ; 0                                   ; Signed Integer ;
; SLD_HPS_EVENT_ID                                ; 0                                   ; Signed Integer ;
; sld_advanced_trigger_entity                     ; basic,1,                            ; Untyped        ;
; sld_trigger_level_pipeline                      ; 1                                   ; Untyped        ;
; sld_enable_advanced_trigger                     ; 0                                   ; Untyped        ;
; SLD_ADVANCED_TRIGGER_1                          ; NONE                                ; String         ;
; SLD_ADVANCED_TRIGGER_2                          ; NONE                                ; String         ;
; SLD_ADVANCED_TRIGGER_3                          ; NONE                                ; String         ;
; SLD_ADVANCED_TRIGGER_4                          ; NONE                                ; String         ;
; SLD_ADVANCED_TRIGGER_5                          ; NONE                                ; String         ;
; SLD_ADVANCED_TRIGGER_6                          ; NONE                                ; String         ;
; SLD_ADVANCED_TRIGGER_7                          ; NONE                                ; String         ;
; SLD_ADVANCED_TRIGGER_8                          ; NONE                                ; String         ;
; SLD_ADVANCED_TRIGGER_9                          ; NONE                                ; String         ;
; SLD_ADVANCED_TRIGGER_10                         ; NONE                                ; String         ;
; sld_inversion_mask_length                       ; 35                                  ; Untyped        ;
; sld_inversion_mask                              ; 00000000000000000000000000000000000 ; Untyped        ;
; sld_power_up_trigger                            ; 0                                   ; Untyped        ;
; SLD_STATE_FLOW_MGR_ENTITY                       ; state_flow_mgr_entity.vhd           ; String         ;
; sld_state_flow_use_generated                    ; 0                                   ; Untyped        ;
; sld_current_resource_width                      ; 1                                   ; Untyped        ;
; sld_attribute_mem_mode                          ; OFF                                 ; Untyped        ;
; sld_storage_qualifier_bits                      ; 3                                   ; Untyped        ;
; SLD_STORAGE_QUALIFIER_GAP_RECORD                ; 0                                   ; Signed Integer ;
; SLD_STORAGE_QUALIFIER_MODE                      ; OFF                                 ; String         ;
; SLD_STORAGE_QUALIFIER_ENABLE_ADVANCED_CONDITION ; 0                                   ; Signed Integer ;
; sld_storage_qualifier_inversion_mask_length     ; 0                                   ; Untyped        ;
; SLD_STORAGE_QUALIFIER_ADVANCED_CONDITION_ENTITY ; basic                               ; String         ;
; SLD_STORAGE_QUALIFIER_PIPELINE                  ; 0                                   ; Signed Integer ;
; SLD_CREATE_MONITOR_INTERFACE                    ; 0                                   ; Signed Integer ;
; SLD_USE_JTAG_SIGNAL_ADAPTER                     ; 1                                   ; Signed Integer ;
+-------------------------------------------------+-------------------------------------+----------------+
Note: In order to hide this table in the UI and the text report file, please set the "Show Parameter Settings in Synthesis Report" option in "Analysis and Synthesis Settings -> More Settings" to "Off".


+-------------------------------------------------------------------------------------------------------------------------+
; Port Connectivity Checks: "CntUp:system_core"                                                                           ;
+---------------+--------+----------+-------------------------------------------------------------------------------------+
; Port          ; Type   ; Severity ; Details                                                                             ;
+---------------+--------+----------+-------------------------------------------------------------------------------------+
; cntval[11..0] ; Output ; Info     ; Connected to dangling logic. Logic that only feeds a dangling port will be removed. ;
+---------------+--------+----------+-------------------------------------------------------------------------------------+


+-------------------------------+
; Analysis & Synthesis Messages ;
+-------------------------------+
Info: *******************************************************************
Info: Running Quartus Prime Analysis & Synthesis
    Info: Version 15.1.1 Build 189 12/02/2015 SJ Lite Edition
    Info: Processing started: Mon Mar 27 17:24:28 2017
Info: Command: quartus_map --read_settings_files=on --write_settings_files=off DebugDemo -c DebugDemo
Warning (20028): Parallel compilation is not licensed and has been disabled
Info (12021): Found 2 design units, including 1 entities, in source file cntup.vhd
    Info (12022): Found design unit 1: CntUp-Behavioral File: D:/Users/Ambiente de trabalho/os meus documentos/trabalhos/escola/Universidade/LSD/Altera/aula7/parte4/CntUp.vhd Line: 12
    Info (12023): Found entity 1: CntUp File: D:/Users/Ambiente de trabalho/os meus documentos/trabalhos/escola/Universidade/LSD/Altera/aula7/parte4/CntUp.vhd Line: 5
Info (12021): Found 2 design units, including 1 entities, in source file debugdemo.vhd
    Info (12022): Found design unit 1: DebugDemo-Shell File: D:/Users/Ambiente de trabalho/os meus documentos/trabalhos/escola/Universidade/LSD/Altera/aula7/parte4/DebugDemo.vhd Line: 10
    Info (12023): Found entity 1: DebugDemo File: D:/Users/Ambiente de trabalho/os meus documentos/trabalhos/escola/Universidade/LSD/Altera/aula7/parte4/DebugDemo.vhd Line: 4
Info (12127): Elaborating entity "DebugDemo" for the top level hierarchy
Critical Warning (10920): VHDL Incomplete Partial Association warning at DebugDemo.vhd(12): port or argument "cntVal" has 12/30 unassociated elements File: D:/Users/Ambiente de trabalho/os meus documentos/trabalhos/escola/Universidade/LSD/Altera/aula7/parte4/DebugDemo.vhd Line: 12
Info (12129): Elaborating entity "CntUp" using architecture "A:behavioral" for hierarchy "CntUp:system_core" File: D:/Users/Ambiente de trabalho/os meus documentos/trabalhos/escola/Universidade/LSD/Altera/aula7/parte4/DebugDemo.vhd Line: 12
Info (12021): Found 1 design units, including 1 entities, in source file db/altsyncram_ut14.tdf
    Info (12023): Found entity 1: altsyncram_ut14 File: D:/Users/Ambiente de trabalho/os meus documentos/trabalhos/escola/Universidade/LSD/Altera/aula7/parte4/db/altsyncram_ut14.tdf Line: 28
Info (12021): Found 1 design units, including 1 entities, in source file db/mux_tsc.tdf
    Info (12023): Found entity 1: mux_tsc File: D:/Users/Ambiente de trabalho/os meus documentos/trabalhos/escola/Universidade/LSD/Altera/aula7/parte4/db/mux_tsc.tdf Line: 23
Info (12021): Found 1 design units, including 1 entities, in source file db/decode_dvf.tdf
    Info (12023): Found entity 1: decode_dvf File: D:/Users/Ambiente de trabalho/os meus documentos/trabalhos/escola/Universidade/LSD/Altera/aula7/parte4/db/decode_dvf.tdf Line: 23
Info (12021): Found 1 design units, including 1 entities, in source file db/cntr_pei.tdf
    Info (12023): Found entity 1: cntr_pei File: D:/Users/Ambiente de trabalho/os meus documentos/trabalhos/escola/Universidade/LSD/Altera/aula7/parte4/db/cntr_pei.tdf Line: 28
Info (12021): Found 1 design units, including 1 entities, in source file db/cmpr_ogc.tdf
    Info (12023): Found entity 1: cmpr_ogc File: D:/Users/Ambiente de trabalho/os meus documentos/trabalhos/escola/Universidade/LSD/Altera/aula7/parte4/db/cmpr_ogc.tdf Line: 23
Info (12021): Found 1 design units, including 1 entities, in source file db/cntr_m9j.tdf
    Info (12023): Found entity 1: cntr_m9j File: D:/Users/Ambiente de trabalho/os meus documentos/trabalhos/escola/Universidade/LSD/Altera/aula7/parte4/db/cntr_m9j.tdf Line: 26
Info (12021): Found 1 design units, including 1 entities, in source file db/cntr_ggi.tdf
    Info (12023): Found entity 1: cntr_ggi File: D:/Users/Ambiente de trabalho/os meus documentos/trabalhos/escola/Universidade/LSD/Altera/aula7/parte4/db/cntr_ggi.tdf Line: 28
Info (12021): Found 1 design units, including 1 entities, in source file db/cmpr_rgc.tdf
    Info (12023): Found entity 1: cmpr_rgc File: D:/Users/Ambiente de trabalho/os meus documentos/trabalhos/escola/Universidade/LSD/Altera/aula7/parte4/db/cmpr_rgc.tdf Line: 23
Info (12021): Found 1 design units, including 1 entities, in source file db/cntr_23j.tdf
    Info (12023): Found entity 1: cntr_23j File: D:/Users/Ambiente de trabalho/os meus documentos/trabalhos/escola/Universidade/LSD/Altera/aula7/parte4/db/cntr_23j.tdf Line: 28
Info (12021): Found 1 design units, including 1 entities, in source file db/cmpr_ngc.tdf
    Info (12023): Found entity 1: cmpr_ngc File: D:/Users/Ambiente de trabalho/os meus documentos/trabalhos/escola/Universidade/LSD/Altera/aula7/parte4/db/cmpr_ngc.tdf Line: 23
Info (12033): Analysis and Synthesis generated SignalTap II or debug node instance "auto_signaltap_0"
Error (265013): Can't open SignalTap II Logic Analyzer. Verify that the license file exists and is stored in the correct location. If you are using the Quartus Prime Lite Edition software, you must turn on the TalkBack feature to use the SignalTap II Logic Analyzer.
Info (11170): Start IP generation for the debug fabric within sld_hub.
Info (11172): 2017.03.27.17:24:44 Progress: Loading sld095f4fa4/alt_sld_fab_wrapper_hw.tcl
Info (11172): Alt_sld_fab.alt_sld_fab: SLD fabric agents which did not specify prefer_host were connected to JTAG
Info (11172): Alt_sld_fab: Generating alt_sld_fab "alt_sld_fab" for QUARTUS_SYNTH
Info (11172): Alt_sld_fab: "alt_sld_fab" instantiated alt_sld_fab "alt_sld_fab"
Info (11172): Presplit: "alt_sld_fab" instantiated altera_super_splitter "presplit"
Info (11172): Splitter: "alt_sld_fab" instantiated altera_sld_splitter "splitter"
Info (11172): Sldfabric: "alt_sld_fab" instantiated altera_sld_jtag_hub "sldfabric"
Info (11172): Ident: "alt_sld_fab" instantiated altera_connection_identification_hub "ident"
Info (11172): Alt_sld_fab: Done "alt_sld_fab" with 6 modules, 6 files
Info (11171): Finished IP generation for the debug fabric within sld_hub.
Info (12021): Found 1 design units, including 1 entities, in source file db/ip/sld095f4fa4/alt_sld_fab.v
    Info (12023): Found entity 1: alt_sld_fab File: D:/Users/Ambiente de trabalho/os meus documentos/trabalhos/escola/Universidade/LSD/Altera/aula7/parte4/db/ip/sld095f4fa4/alt_sld_fab.v Line: 9
Info (12021): Found 1 design units, including 1 entities, in source file db/ip/sld095f4fa4/submodules/alt_sld_fab_alt_sld_fab.v
    Info (12023): Found entity 1: alt_sld_fab_alt_sld_fab File: D:/Users/Ambiente de trabalho/os meus documentos/trabalhos/escola/Universidade/LSD/Altera/aula7/parte4/db/ip/sld095f4fa4/submodules/alt_sld_fab_alt_sld_fab.v Line: 9
Info (12021): Found 1 design units, including 1 entities, in source file db/ip/sld095f4fa4/submodules/alt_sld_fab_alt_sld_fab_ident.sv
    Info (12023): Found entity 1: alt_sld_fab_alt_sld_fab_ident File: D:/Users/Ambiente de trabalho/os meus documentos/trabalhos/escola/Universidade/LSD/Altera/aula7/parte4/db/ip/sld095f4fa4/submodules/alt_sld_fab_alt_sld_fab_ident.sv Line: 33
Info (12021): Found 1 design units, including 1 entities, in source file db/ip/sld095f4fa4/submodules/alt_sld_fab_alt_sld_fab_presplit.sv
    Info (12023): Found entity 1: alt_sld_fab_alt_sld_fab_presplit File: D:/Users/Ambiente de trabalho/os meus documentos/trabalhos/escola/Universidade/LSD/Altera/aula7/parte4/db/ip/sld095f4fa4/submodules/alt_sld_fab_alt_sld_fab_presplit.sv Line: 3
Info (12021): Found 2 design units, including 1 entities, in source file db/ip/sld095f4fa4/submodules/alt_sld_fab_alt_sld_fab_sldfabric.vhd
    Info (12022): Found design unit 1: alt_sld_fab_alt_sld_fab_sldfabric-rtl File: D:/Users/Ambiente de trabalho/os meus documentos/trabalhos/escola/Universidade/LSD/Altera/aula7/parte4/db/ip/sld095f4fa4/submodules/alt_sld_fab_alt_sld_fab_sldfabric.vhd Line: 92
    Info (12023): Found entity 1: alt_sld_fab_alt_sld_fab_sldfabric File: D:/Users/Ambiente de trabalho/os meus documentos/trabalhos/escola/Universidade/LSD/Altera/aula7/parte4/db/ip/sld095f4fa4/submodules/alt_sld_fab_alt_sld_fab_sldfabric.vhd Line: 11
Info (12021): Found 1 design units, including 1 entities, in source file db/ip/sld095f4fa4/submodules/alt_sld_fab_alt_sld_fab_splitter.sv
    Info (12023): Found entity 1: alt_sld_fab_alt_sld_fab_splitter File: D:/Users/Ambiente de trabalho/os meus documentos/trabalhos/escola/Universidade/LSD/Altera/aula7/parte4/db/ip/sld095f4fa4/submodules/alt_sld_fab_alt_sld_fab_splitter.sv Line: 3
Error (12154): Can't elaborate inferred hierarchy "sld_hub:auto_hub"
Error: Quartus Prime Analysis & Synthesis was unsuccessful. 2 errors, 2 warnings
    Error: Peak virtual memory: 880 megabytes
    Error: Processing ended: Mon Mar 27 17:24:49 2017
    Error: Elapsed time: 00:00:21
    Error: Total CPU time (on all processors): 00:00:45


