Analysis & Synthesis report for RAM_2P_Demo
Tue May 16 19:31:10 2017
Quartus Prime Version 15.1.1 Build 189 12/02/2015 SJ Lite Edition


---------------------
; Table of Contents ;
---------------------
  1. Legal Notice
  2. Analysis & Synthesis Summary
  3. Analysis & Synthesis Settings
  4. Parallel Compilation
  5. Analysis & Synthesis Source Files Read
  6. Analysis & Synthesis Resource Usage Summary
  7. Analysis & Synthesis Resource Utilization by Entity
  8. Analysis & Synthesis RAM Summary
  9. General Register Statistics
 10. Registers Added for RAM Pass-Through Logic
 11. Source assignments for RAM_2P_16_8:RAM1|altsyncram:s_memory_rtl_0|altsyncram_u9c1:auto_generated
 12. Parameter Settings for User Entity Instance: ClkDividerN:inst1
 13. Parameter Settings for User Entity Instance: CounterUpDownN:inst2
 14. Parameter Settings for Inferred Entity Instance: RAM_2P_16_8:RAM1|altsyncram:s_memory_rtl_0
 15. altsyncram Parameter Settings by Entity Instance
 16. Post-Synthesis Netlist Statistics for Top Partition
 17. Elapsed Time Per Partition
 18. Analysis & Synthesis Messages



----------------
; Legal Notice ;
----------------
Copyright (C) 1991-2015 Altera Corporation. All rights reserved.
Your use of Altera Corporation's design tools, logic functions 
and other software and tools, and its AMPP partner logic 
functions, and any output files from any of the foregoing 
(including device programming or simulation files), and any 
associated documentation or information are expressly subject 
to the terms and conditions of the Altera Program License 
Subscription Agreement, the Altera Quartus Prime License Agreement,
the Altera MegaCore Function License Agreement, or other 
applicable license agreement, including, without limitation, 
that your use is for the sole purpose of programming logic 
devices manufactured by Altera and sold by Altera or its 
authorized distributors.  Please refer to the applicable 
agreement for further details.



+----------------------------------------------------------------------------------+
; Analysis & Synthesis Summary                                                     ;
+------------------------------------+---------------------------------------------+
; Analysis & Synthesis Status        ; Successful - Tue May 16 19:31:10 2017       ;
; Quartus Prime Version              ; 15.1.1 Build 189 12/02/2015 SJ Lite Edition ;
; Revision Name                      ; RAM_2P_Demo                                 ;
; Top-level Entity Name              ; RAM_2P_Demo                                 ;
; Family                             ; Cyclone IV E                                ;
; Total logic elements               ; 90                                          ;
;     Total combinational functions  ; 74                                          ;
;     Dedicated logic registers      ; 53                                          ;
; Total registers                    ; 53                                          ;
; Total pins                         ; 22                                          ;
; Total virtual pins                 ; 0                                           ;
; Total memory bits                  ; 128                                         ;
; Embedded Multiplier 9-bit elements ; 0                                           ;
; Total PLLs                         ; 0                                           ;
+------------------------------------+---------------------------------------------+


+----------------------------------------------------------------------------------------------------------------------+
; Analysis & Synthesis Settings                                                                                        ;
+----------------------------------------------------------------------------+--------------------+--------------------+
; Option                                                                     ; Setting            ; Default Value      ;
+----------------------------------------------------------------------------+--------------------+--------------------+
; Top-level entity name                                                      ; RAM_2P_Demo        ; RAM_2P_Demo        ;
; Family name                                                                ; Cyclone IV E       ; Cyclone V          ;
; Use smart compilation                                                      ; Off                ; Off                ;
; Enable parallel Assembler and TimeQuest Timing Analyzer during compilation ; On                 ; On                 ;
; Enable compact report table                                                ; Off                ; Off                ;
; Restructure Multiplexers                                                   ; Auto               ; Auto               ;
; Create Debugging Nodes for IP Cores                                        ; Off                ; Off                ;
; Preserve fewer node names                                                  ; On                 ; On                 ;
; Disable OpenCore Plus hardware evaluation                                  ; Off                ; Off                ;
; Verilog Version                                                            ; Verilog_2001       ; Verilog_2001       ;
; VHDL Version                                                               ; VHDL_1993          ; VHDL_1993          ;
; State Machine Processing                                                   ; Auto               ; Auto               ;
; Safe State Machine                                                         ; Off                ; Off                ;
; Extract Verilog State Machines                                             ; On                 ; On                 ;
; Extract VHDL State Machines                                                ; On                 ; On                 ;
; Ignore Verilog initial constructs                                          ; Off                ; Off                ;
; Iteration limit for constant Verilog loops                                 ; 5000               ; 5000               ;
; Iteration limit for non-constant Verilog loops                             ; 250                ; 250                ;
; Add Pass-Through Logic to Inferred RAMs                                    ; On                 ; On                 ;
; Infer RAMs from Raw Logic                                                  ; On                 ; On                 ;
; Parallel Synthesis                                                         ; On                 ; On                 ;
; DSP Block Balancing                                                        ; Auto               ; Auto               ;
; NOT Gate Push-Back                                                         ; On                 ; On                 ;
; Power-Up Don't Care                                                        ; On                 ; On                 ;
; Remove Redundant Logic Cells                                               ; Off                ; Off                ;
; Remove Duplicate Registers                                                 ; On                 ; On                 ;
; Ignore CARRY Buffers                                                       ; Off                ; Off                ;
; Ignore CASCADE Buffers                                                     ; Off                ; Off                ;
; Ignore GLOBAL Buffers                                                      ; Off                ; Off                ;
; Ignore ROW GLOBAL Buffers                                                  ; Off                ; Off                ;
; Ignore LCELL Buffers                                                       ; Off                ; Off                ;
; Ignore SOFT Buffers                                                        ; On                 ; On                 ;
; Limit AHDL Integers to 32 Bits                                             ; Off                ; Off                ;
; Optimization Technique                                                     ; Balanced           ; Balanced           ;
; Carry Chain Length                                                         ; 70                 ; 70                 ;
; Auto Carry Chains                                                          ; On                 ; On                 ;
; Auto Open-Drain Pins                                                       ; On                 ; On                 ;
; Perform WYSIWYG Primitive Resynthesis                                      ; Off                ; Off                ;
; Auto ROM Replacement                                                       ; On                 ; On                 ;
; Auto RAM Replacement                                                       ; On                 ; On                 ;
; Auto DSP Block Replacement                                                 ; On                 ; On                 ;
; Auto Shift Register Replacement                                            ; Auto               ; Auto               ;
; Allow Shift Register Merging across Hierarchies                            ; Auto               ; Auto               ;
; Auto Clock Enable Replacement                                              ; On                 ; On                 ;
; Strict RAM Replacement                                                     ; Off                ; Off                ;
; Allow Synchronous Control Signals                                          ; On                 ; On                 ;
; Force Use of Synchronous Clear Signals                                     ; Off                ; Off                ;
; Auto RAM Block Balancing                                                   ; On                 ; On                 ;
; Auto RAM to Logic Cell Conversion                                          ; Off                ; Off                ;
; Auto Resource Sharing                                                      ; Off                ; Off                ;
; Allow Any RAM Size For Recognition                                         ; Off                ; Off                ;
; Allow Any ROM Size For Recognition                                         ; Off                ; Off                ;
; Allow Any Shift Register Size For Recognition                              ; Off                ; Off                ;
; Use LogicLock Constraints during Resource Balancing                        ; On                 ; On                 ;
; Ignore translate_off and synthesis_off directives                          ; Off                ; Off                ;
; Timing-Driven Synthesis                                                    ; On                 ; On                 ;
; Report Parameter Settings                                                  ; On                 ; On                 ;
; Report Source Assignments                                                  ; On                 ; On                 ;
; Report Connectivity Checks                                                 ; On                 ; On                 ;
; Ignore Maximum Fan-Out Assignments                                         ; Off                ; Off                ;
; Synchronization Register Chain Length                                      ; 2                  ; 2                  ;
; PowerPlay Power Optimization During Synthesis                              ; Normal compilation ; Normal compilation ;
; HDL message level                                                          ; Level2             ; Level2             ;
; Suppress Register Optimization Related Messages                            ; Off                ; Off                ;
; Number of Removed Registers Reported in Synthesis Report                   ; 5000               ; 5000               ;
; Number of Swept Nodes Reported in Synthesis Report                         ; 5000               ; 5000               ;
; Number of Inverted Registers Reported in Synthesis Report                  ; 100                ; 100                ;
; Clock MUX Protection                                                       ; On                 ; On                 ;
; Auto Gated Clock Conversion                                                ; Off                ; Off                ;
; Block Design Naming                                                        ; Auto               ; Auto               ;
; SDC constraint protection                                                  ; Off                ; Off                ;
; Synthesis Effort                                                           ; Auto               ; Auto               ;
; Shift Register Replacement - Allow Asynchronous Clear Signal               ; On                 ; On                 ;
; Pre-Mapping Resynthesis Optimization                                       ; Off                ; Off                ;
; Analysis & Synthesis Message Level                                         ; Medium             ; Medium             ;
; Disable Register Merging Across Hierarchies                                ; Auto               ; Auto               ;
; Resource Aware Inference For Block RAM                                     ; On                 ; On                 ;
; Synthesis Seed                                                             ; 1                  ; 1                  ;
+----------------------------------------------------------------------------+--------------------+--------------------+


Parallel compilation was disabled, but you have multiple processors available. Enable parallel compilation to reduce compilation time.
+-------------------------------------+
; Parallel Compilation                ;
+----------------------------+--------+
; Processors                 ; Number ;
+----------------------------+--------+
; Number detected on machine ; 8      ;
; Maximum allowed            ; 1      ;
+----------------------------+--------+


+-------------------------------------------------------------------------------------------------------------------------------------------------------------------------------------------------------+
; Analysis & Synthesis Source Files Read                                                                                                                                                                ;
+----------------------------------+-----------------+------------------------------------+---------------------------------------------------------------------------------------------------+---------+
; File Name with User-Entered Path ; Used in Netlist ; File Type                          ; File Name with Absolute Path                                                                      ; Library ;
+----------------------------------+-----------------+------------------------------------+---------------------------------------------------------------------------------------------------+---------+
; RAM_2P_16_8.vhd                  ; yes             ; User VHDL File                     ; C:/Users/Pedro/Documents/Universidade de Aveiro/LSD/LSD-Docs/Aula10/Parte3/RAM_2P_16_8.vhd        ;         ;
; ClkDividerN.vhd                  ; yes             ; User VHDL File                     ; C:/Users/Pedro/Documents/Universidade de Aveiro/LSD/LSD-Docs/Aula10/Parte3/ClkDividerN.vhd        ;         ;
; CounterUpDownN.vhd               ; yes             ; User VHDL File                     ; C:/Users/Pedro/Documents/Universidade de Aveiro/LSD/LSD-Docs/Aula10/Parte3/CounterUpDownN.vhd     ;         ;
; RAM_2P_Demo.bdf                  ; yes             ; User Block Diagram/Schematic File  ; C:/Users/Pedro/Documents/Universidade de Aveiro/LSD/LSD-Docs/Aula10/Parte3/RAM_2P_Demo.bdf        ;         ;
; altsyncram.tdf                   ; yes             ; Megafunction                       ; c:/altera/15.1/quartus/libraries/megafunctions/altsyncram.tdf                                     ;         ;
; stratix_ram_block.inc            ; yes             ; Megafunction                       ; c:/altera/15.1/quartus/libraries/megafunctions/stratix_ram_block.inc                              ;         ;
; lpm_mux.inc                      ; yes             ; Megafunction                       ; c:/altera/15.1/quartus/libraries/megafunctions/lpm_mux.inc                                        ;         ;
; lpm_decode.inc                   ; yes             ; Megafunction                       ; c:/altera/15.1/quartus/libraries/megafunctions/lpm_decode.inc                                     ;         ;
; aglobal151.inc                   ; yes             ; Megafunction                       ; c:/altera/15.1/quartus/libraries/megafunctions/aglobal151.inc                                     ;         ;
; a_rdenreg.inc                    ; yes             ; Megafunction                       ; c:/altera/15.1/quartus/libraries/megafunctions/a_rdenreg.inc                                      ;         ;
; altrom.inc                       ; yes             ; Megafunction                       ; c:/altera/15.1/quartus/libraries/megafunctions/altrom.inc                                         ;         ;
; altram.inc                       ; yes             ; Megafunction                       ; c:/altera/15.1/quartus/libraries/megafunctions/altram.inc                                         ;         ;
; altdpram.inc                     ; yes             ; Megafunction                       ; c:/altera/15.1/quartus/libraries/megafunctions/altdpram.inc                                       ;         ;
; db/altsyncram_u9c1.tdf           ; yes             ; Auto-Generated Megafunction        ; C:/Users/Pedro/Documents/Universidade de Aveiro/LSD/LSD-Docs/Aula10/Parte3/db/altsyncram_u9c1.tdf ;         ;
+----------------------------------+-----------------+------------------------------------+---------------------------------------------------------------------------------------------------+---------+


+--------------------------------------------------------------+
; Analysis & Synthesis Resource Usage Summary                  ;
+---------------------------------------------+----------------+
; Resource                                    ; Usage          ;
+---------------------------------------------+----------------+
; Estimated Total logic elements              ; 90             ;
;                                             ;                ;
; Total combinational functions               ; 74             ;
; Logic element usage by number of LUT inputs ;                ;
;     -- 4 input functions                    ; 16             ;
;     -- 3 input functions                    ; 11             ;
;     -- <=2 input functions                  ; 47             ;
;                                             ;                ;
; Logic elements by mode                      ;                ;
;     -- normal mode                          ; 44             ;
;     -- arithmetic mode                      ; 30             ;
;                                             ;                ;
; Total registers                             ; 53             ;
;     -- Dedicated logic registers            ; 53             ;
;     -- I/O registers                        ; 0              ;
;                                             ;                ;
; I/O pins                                    ; 22             ;
; Total memory bits                           ; 128            ;
;                                             ;                ;
; Embedded Multiplier 9-bit elements          ; 0              ;
;                                             ;                ;
; Maximum fan-out node                        ; CLOCK_50~input ;
; Maximum fan-out                             ; 32             ;
; Total fan-out                               ; 411            ;
; Average fan-out                             ; 2.30           ;
+---------------------------------------------+----------------+


+---------------------------------------------------------------------------------------------------------------------------------------------------------------------------------------------------------------------------------------------------------------+
; Analysis & Synthesis Resource Utilization by Entity                                                                                                                                                                                                           ;
+-------------------------------------------+-------------------+--------------+-------------+--------------+---------+-----------+------+--------------+----------------------------------------------------------------------------------------+--------------+
; Compilation Hierarchy Node                ; LC Combinationals ; LC Registers ; Memory Bits ; DSP Elements ; DSP 9x9 ; DSP 18x18 ; Pins ; Virtual Pins ; Full Hierarchy Name                                                                    ; Library Name ;
+-------------------------------------------+-------------------+--------------+-------------+--------------+---------+-----------+------+--------------+----------------------------------------------------------------------------------------+--------------+
; |RAM_2P_Demo                              ; 74 (0)            ; 53 (0)       ; 128         ; 0            ; 0       ; 0         ; 22   ; 0            ; |RAM_2P_Demo                                                                           ; work         ;
;    |ClkDividerN:inst1|                    ; 57 (57)           ; 32 (32)      ; 0           ; 0            ; 0       ; 0         ; 0    ; 0            ; |RAM_2P_Demo|ClkDividerN:inst1                                                         ; work         ;
;    |CounterUpDownN:inst2|                 ; 5 (5)             ; 4 (4)        ; 0           ; 0            ; 0       ; 0         ; 0    ; 0            ; |RAM_2P_Demo|CounterUpDownN:inst2                                                      ; work         ;
;    |RAM_2P_16_8:RAM1|                     ; 12 (12)           ; 17 (17)      ; 128         ; 0            ; 0       ; 0         ; 0    ; 0            ; |RAM_2P_Demo|RAM_2P_16_8:RAM1                                                          ; work         ;
;       |altsyncram:s_memory_rtl_0|         ; 0 (0)             ; 0 (0)        ; 128         ; 0            ; 0       ; 0         ; 0    ; 0            ; |RAM_2P_Demo|RAM_2P_16_8:RAM1|altsyncram:s_memory_rtl_0                                ; work         ;
;          |altsyncram_u9c1:auto_generated| ; 0 (0)             ; 0 (0)        ; 128         ; 0            ; 0       ; 0         ; 0    ; 0            ; |RAM_2P_Demo|RAM_2P_16_8:RAM1|altsyncram:s_memory_rtl_0|altsyncram_u9c1:auto_generated ; work         ;
+-------------------------------------------+-------------------+--------------+-------------+--------------+---------+-----------+------+--------------+----------------------------------------------------------------------------------------+--------------+
Note: For table entries with two numbers listed, the numbers in parentheses indicate the number of resources of the given type used by the specific entity alone. The numbers listed outside of parentheses indicate the total resources of the given type used by the specific entity and all of its sub-entities in the hierarchy.


+------------------------------------------------------------------------------------------------------------------------------------------------------------------------------------------+
; Analysis & Synthesis RAM Summary                                                                                                                                                         ;
+--------------------------------------------------------------------------------------+------+------------------+--------------+--------------+--------------+--------------+------+------+
; Name                                                                                 ; Type ; Mode             ; Port A Depth ; Port A Width ; Port B Depth ; Port B Width ; Size ; MIF  ;
+--------------------------------------------------------------------------------------+------+------------------+--------------+--------------+--------------+--------------+------+------+
; RAM_2P_16_8:RAM1|altsyncram:s_memory_rtl_0|altsyncram_u9c1:auto_generated|ALTSYNCRAM ; AUTO ; Simple Dual Port ; 16           ; 8            ; 16           ; 8            ; 128  ; None ;
+--------------------------------------------------------------------------------------+------+------------------+--------------+--------------+--------------+--------------+------+------+


+------------------------------------------------------+
; General Register Statistics                          ;
+----------------------------------------------+-------+
; Statistic                                    ; Value ;
+----------------------------------------------+-------+
; Total registers                              ; 53    ;
; Number of registers using Synchronous Clear  ; 0     ;
; Number of registers using Synchronous Load   ; 0     ;
; Number of registers using Asynchronous Clear ; 0     ;
; Number of registers using Asynchronous Load  ; 0     ;
; Number of registers using Clock Enable       ; 0     ;
; Number of registers using Preset             ; 0     ;
+----------------------------------------------+-------+


+------------------------------------------------------------------------------+
; Registers Added for RAM Pass-Through Logic                                   ;
+--------------------------------------------+---------------------------------+
; Register Name                              ; RAM Name                        ;
+--------------------------------------------+---------------------------------+
; RAM_2P_16_8:RAM1|s_memory_rtl_0_bypass[0]  ; RAM_2P_16_8:RAM1|s_memory_rtl_0 ;
; RAM_2P_16_8:RAM1|s_memory_rtl_0_bypass[1]  ; RAM_2P_16_8:RAM1|s_memory_rtl_0 ;
; RAM_2P_16_8:RAM1|s_memory_rtl_0_bypass[2]  ; RAM_2P_16_8:RAM1|s_memory_rtl_0 ;
; RAM_2P_16_8:RAM1|s_memory_rtl_0_bypass[3]  ; RAM_2P_16_8:RAM1|s_memory_rtl_0 ;
; RAM_2P_16_8:RAM1|s_memory_rtl_0_bypass[4]  ; RAM_2P_16_8:RAM1|s_memory_rtl_0 ;
; RAM_2P_16_8:RAM1|s_memory_rtl_0_bypass[5]  ; RAM_2P_16_8:RAM1|s_memory_rtl_0 ;
; RAM_2P_16_8:RAM1|s_memory_rtl_0_bypass[6]  ; RAM_2P_16_8:RAM1|s_memory_rtl_0 ;
; RAM_2P_16_8:RAM1|s_memory_rtl_0_bypass[7]  ; RAM_2P_16_8:RAM1|s_memory_rtl_0 ;
; RAM_2P_16_8:RAM1|s_memory_rtl_0_bypass[8]  ; RAM_2P_16_8:RAM1|s_memory_rtl_0 ;
; RAM_2P_16_8:RAM1|s_memory_rtl_0_bypass[9]  ; RAM_2P_16_8:RAM1|s_memory_rtl_0 ;
; RAM_2P_16_8:RAM1|s_memory_rtl_0_bypass[10] ; RAM_2P_16_8:RAM1|s_memory_rtl_0 ;
; RAM_2P_16_8:RAM1|s_memory_rtl_0_bypass[11] ; RAM_2P_16_8:RAM1|s_memory_rtl_0 ;
; RAM_2P_16_8:RAM1|s_memory_rtl_0_bypass[12] ; RAM_2P_16_8:RAM1|s_memory_rtl_0 ;
; RAM_2P_16_8:RAM1|s_memory_rtl_0_bypass[13] ; RAM_2P_16_8:RAM1|s_memory_rtl_0 ;
; RAM_2P_16_8:RAM1|s_memory_rtl_0_bypass[14] ; RAM_2P_16_8:RAM1|s_memory_rtl_0 ;
; RAM_2P_16_8:RAM1|s_memory_rtl_0_bypass[15] ; RAM_2P_16_8:RAM1|s_memory_rtl_0 ;
; RAM_2P_16_8:RAM1|s_memory_rtl_0_bypass[16] ; RAM_2P_16_8:RAM1|s_memory_rtl_0 ;
+--------------------------------------------+---------------------------------+


+--------------------------------------------------------------------------------------------------+
; Source assignments for RAM_2P_16_8:RAM1|altsyncram:s_memory_rtl_0|altsyncram_u9c1:auto_generated ;
+---------------------------------+--------------------+------+------------------------------------+
; Assignment                      ; Value              ; From ; To                                 ;
+---------------------------------+--------------------+------+------------------------------------+
; OPTIMIZE_POWER_DURING_SYNTHESIS ; NORMAL_COMPILATION ; -    ; -                                  ;
+---------------------------------+--------------------+------+------------------------------------+


+----------------------------------------------------------------+
; Parameter Settings for User Entity Instance: ClkDividerN:inst1 ;
+----------------+----------+------------------------------------+
; Parameter Name ; Value    ; Type                               ;
+----------------+----------+------------------------------------+
; k              ; 50000000 ; Signed Integer                     ;
+----------------+----------+------------------------------------+
Note: In order to hide this table in the UI and the text report file, please set the "Show Parameter Settings in Synthesis Report" option in "Analysis and Synthesis Settings -> More Settings" to "Off".


+-------------------------------------------------------------------+
; Parameter Settings for User Entity Instance: CounterUpDownN:inst2 ;
+----------------+-------+------------------------------------------+
; Parameter Name ; Value ; Type                                     ;
+----------------+-------+------------------------------------------+
; n              ; 4     ; Signed Integer                           ;
+----------------+-------+------------------------------------------+
Note: In order to hide this table in the UI and the text report file, please set the "Show Parameter Settings in Synthesis Report" option in "Analysis and Synthesis Settings -> More Settings" to "Off".


+---------------------------------------------------------------------------------------------+
; Parameter Settings for Inferred Entity Instance: RAM_2P_16_8:RAM1|altsyncram:s_memory_rtl_0 ;
+------------------------------------+----------------------+---------------------------------+
; Parameter Name                     ; Value                ; Type                            ;
+------------------------------------+----------------------+---------------------------------+
; BYTE_SIZE_BLOCK                    ; 8                    ; Untyped                         ;
; AUTO_CARRY_CHAINS                  ; ON                   ; AUTO_CARRY                      ;
; IGNORE_CARRY_BUFFERS               ; OFF                  ; IGNORE_CARRY                    ;
; AUTO_CASCADE_CHAINS                ; ON                   ; AUTO_CASCADE                    ;
; IGNORE_CASCADE_BUFFERS             ; OFF                  ; IGNORE_CASCADE                  ;
; WIDTH_BYTEENA                      ; 1                    ; Untyped                         ;
; OPERATION_MODE                     ; DUAL_PORT            ; Untyped                         ;
; WIDTH_A                            ; 8                    ; Untyped                         ;
; WIDTHAD_A                          ; 4                    ; Untyped                         ;
; NUMWORDS_A                         ; 16                   ; Untyped                         ;
; OUTDATA_REG_A                      ; UNREGISTERED         ; Untyped                         ;
; ADDRESS_ACLR_A                     ; NONE                 ; Untyped                         ;
; OUTDATA_ACLR_A                     ; NONE                 ; Untyped                         ;
; WRCONTROL_ACLR_A                   ; NONE                 ; Untyped                         ;
; INDATA_ACLR_A                      ; NONE                 ; Untyped                         ;
; BYTEENA_ACLR_A                     ; NONE                 ; Untyped                         ;
; WIDTH_B                            ; 8                    ; Untyped                         ;
; WIDTHAD_B                          ; 4                    ; Untyped                         ;
; NUMWORDS_B                         ; 16                   ; Untyped                         ;
; INDATA_REG_B                       ; CLOCK1               ; Untyped                         ;
; WRCONTROL_WRADDRESS_REG_B          ; CLOCK1               ; Untyped                         ;
; RDCONTROL_REG_B                    ; CLOCK1               ; Untyped                         ;
; ADDRESS_REG_B                      ; CLOCK0               ; Untyped                         ;
; OUTDATA_REG_B                      ; UNREGISTERED         ; Untyped                         ;
; BYTEENA_REG_B                      ; CLOCK1               ; Untyped                         ;
; INDATA_ACLR_B                      ; NONE                 ; Untyped                         ;
; WRCONTROL_ACLR_B                   ; NONE                 ; Untyped                         ;
; ADDRESS_ACLR_B                     ; NONE                 ; Untyped                         ;
; OUTDATA_ACLR_B                     ; NONE                 ; Untyped                         ;
; RDCONTROL_ACLR_B                   ; NONE                 ; Untyped                         ;
; BYTEENA_ACLR_B                     ; NONE                 ; Untyped                         ;
; WIDTH_BYTEENA_A                    ; 1                    ; Untyped                         ;
; WIDTH_BYTEENA_B                    ; 1                    ; Untyped                         ;
; RAM_BLOCK_TYPE                     ; AUTO                 ; Untyped                         ;
; BYTE_SIZE                          ; 8                    ; Untyped                         ;
; READ_DURING_WRITE_MODE_MIXED_PORTS ; DONT_CARE            ; Untyped                         ;
; READ_DURING_WRITE_MODE_PORT_A      ; NEW_DATA_NO_NBE_READ ; Untyped                         ;
; READ_DURING_WRITE_MODE_PORT_B      ; NEW_DATA_NO_NBE_READ ; Untyped                         ;
; INIT_FILE                          ; UNUSED               ; Untyped                         ;
; INIT_FILE_LAYOUT                   ; PORT_A               ; Untyped                         ;
; MAXIMUM_DEPTH                      ; 0                    ; Untyped                         ;
; CLOCK_ENABLE_INPUT_A               ; NORMAL               ; Untyped                         ;
; CLOCK_ENABLE_INPUT_B               ; NORMAL               ; Untyped                         ;
; CLOCK_ENABLE_OUTPUT_A              ; NORMAL               ; Untyped                         ;
; CLOCK_ENABLE_OUTPUT_B              ; NORMAL               ; Untyped                         ;
; CLOCK_ENABLE_CORE_A                ; USE_INPUT_CLKEN      ; Untyped                         ;
; CLOCK_ENABLE_CORE_B                ; USE_INPUT_CLKEN      ; Untyped                         ;
; ENABLE_ECC                         ; FALSE                ; Untyped                         ;
; ECC_PIPELINE_STAGE_ENABLED         ; FALSE                ; Untyped                         ;
; WIDTH_ECCSTATUS                    ; 3                    ; Untyped                         ;
; DEVICE_FAMILY                      ; Cyclone IV E         ; Untyped                         ;
; CBXI_PARAMETER                     ; altsyncram_u9c1      ; Untyped                         ;
+------------------------------------+----------------------+---------------------------------+
Note: In order to hide this table in the UI and the text report file, please set the "Show Parameter Settings in Synthesis Report" option in "Analysis and Synthesis Settings -> More Settings" to "Off".


+----------------------------------------------------------------------------------------+
; altsyncram Parameter Settings by Entity Instance                                       ;
+-------------------------------------------+--------------------------------------------+
; Name                                      ; Value                                      ;
+-------------------------------------------+--------------------------------------------+
; Number of entity instances                ; 1                                          ;
; Entity Instance                           ; RAM_2P_16_8:RAM1|altsyncram:s_memory_rtl_0 ;
;     -- OPERATION_MODE                     ; DUAL_PORT                                  ;
;     -- WIDTH_A                            ; 8                                          ;
;     -- NUMWORDS_A                         ; 16                                         ;
;     -- OUTDATA_REG_A                      ; UNREGISTERED                               ;
;     -- WIDTH_B                            ; 8                                          ;
;     -- NUMWORDS_B                         ; 16                                         ;
;     -- ADDRESS_REG_B                      ; CLOCK0                                     ;
;     -- OUTDATA_REG_B                      ; UNREGISTERED                               ;
;     -- RAM_BLOCK_TYPE                     ; AUTO                                       ;
;     -- READ_DURING_WRITE_MODE_MIXED_PORTS ; DONT_CARE                                  ;
+-------------------------------------------+--------------------------------------------+


+-----------------------------------------------------+
; Post-Synthesis Netlist Statistics for Top Partition ;
+-----------------------+-----------------------------+
; Type                  ; Count                       ;
+-----------------------+-----------------------------+
; boundary_port         ; 22                          ;
; cycloneiii_ff         ; 53                          ;
;     plain             ; 53                          ;
; cycloneiii_lcell_comb ; 74                          ;
;     arith             ; 30                          ;
;         2 data inputs ; 30                          ;
;     normal            ; 44                          ;
;         1 data inputs ; 4                           ;
;         2 data inputs ; 13                          ;
;         3 data inputs ; 11                          ;
;         4 data inputs ; 16                          ;
; cycloneiii_ram_block  ; 8                           ;
;                       ;                             ;
; Max LUT depth         ; 5.00                        ;
; Average LUT depth     ; 3.13                        ;
+-----------------------+-----------------------------+


+-------------------------------+
; Elapsed Time Per Partition    ;
+----------------+--------------+
; Partition Name ; Elapsed Time ;
+----------------+--------------+
; Top            ; 00:00:00     ;
+----------------+--------------+


+-------------------------------+
; Analysis & Synthesis Messages ;
+-------------------------------+
Info: *******************************************************************
Info: Running Quartus Prime Analysis & Synthesis
    Info: Version 15.1.1 Build 189 12/02/2015 SJ Lite Edition
    Info: Processing started: Tue May 16 19:30:58 2017
Info: Command: quartus_map --read_settings_files=on --write_settings_files=off RAM_2P_Demo -c RAM_2P_Demo
Warning (20028): Parallel compilation is not licensed and has been disabled
Info (12021): Found 2 design units, including 1 entities, in source file ram_2p_16_8.vhd
    Info (12022): Found design unit 1: RAM_2P_16_8-Behavioral File: C:/Users/Pedro/Documents/Universidade de Aveiro/LSD/LSD-Docs/Aula10/Parte3/RAM_2P_16_8.vhd Line: 14
    Info (12023): Found entity 1: RAM_2P_16_8 File: C:/Users/Pedro/Documents/Universidade de Aveiro/LSD/LSD-Docs/Aula10/Parte3/RAM_2P_16_8.vhd Line: 5
Info (12021): Found 2 design units, including 1 entities, in source file clkdividern.vhd
    Info (12022): Found design unit 1: ClkDividerN-RTL File: C:/Users/Pedro/Documents/Universidade de Aveiro/LSD/LSD-Docs/Aula10/Parte3/ClkDividerN.vhd Line: 11
    Info (12023): Found entity 1: ClkDividerN File: C:/Users/Pedro/Documents/Universidade de Aveiro/LSD/LSD-Docs/Aula10/Parte3/ClkDividerN.vhd Line: 5
Info (12021): Found 2 design units, including 1 entities, in source file counterupdownn.vhd
    Info (12022): Found design unit 1: CounterUpDownN-Behavioral File: C:/Users/Pedro/Documents/Universidade de Aveiro/LSD/LSD-Docs/Aula10/Parte3/CounterUpDownN.vhd Line: 14
    Info (12023): Found entity 1: CounterUpDownN File: C:/Users/Pedro/Documents/Universidade de Aveiro/LSD/LSD-Docs/Aula10/Parte3/CounterUpDownN.vhd Line: 5
Info (12021): Found 1 design units, including 1 entities, in source file ram_2p_demo.bdf
    Info (12023): Found entity 1: RAM_2P_Demo
Info (12127): Elaborating entity "RAM_2P_Demo" for the top level hierarchy
Warning (275011): Block or symbol "CounterUpDownN" of instance "inst2" overlaps another block or symbol
Info (12128): Elaborating entity "RAM_2P_16_8" for hierarchy "RAM_2P_16_8:RAM1"
Info (12128): Elaborating entity "ClkDividerN" for hierarchy "ClkDividerN:inst1"
Info (12128): Elaborating entity "CounterUpDownN" for hierarchy "CounterUpDownN:inst2"
Warning (276020): Inferred RAM node "RAM_2P_16_8:RAM1|s_memory_rtl_0" from synchronous design logic.  Pass-through logic has been added to match the read-during-write behavior of the original design.
Info (19000): Inferred 1 megafunctions from design logic
    Info (276029): Inferred altsyncram megafunction from the following design logic: "RAM_2P_16_8:RAM1|s_memory_rtl_0" 
        Info (286033): Parameter OPERATION_MODE set to DUAL_PORT
        Info (286033): Parameter WIDTH_A set to 8
        Info (286033): Parameter WIDTHAD_A set to 4
        Info (286033): Parameter NUMWORDS_A set to 16
        Info (286033): Parameter WIDTH_B set to 8
        Info (286033): Parameter WIDTHAD_B set to 4
        Info (286033): Parameter NUMWORDS_B set to 16
        Info (286033): Parameter ADDRESS_ACLR_A set to NONE
        Info (286033): Parameter OUTDATA_REG_B set to UNREGISTERED
        Info (286033): Parameter ADDRESS_ACLR_B set to NONE
        Info (286033): Parameter OUTDATA_ACLR_B set to NONE
        Info (286033): Parameter ADDRESS_REG_B set to CLOCK0
        Info (286033): Parameter INDATA_ACLR_A set to NONE
        Info (286033): Parameter WRCONTROL_ACLR_A set to NONE
Info (12130): Elaborated megafunction instantiation "RAM_2P_16_8:RAM1|altsyncram:s_memory_rtl_0"
Info (12133): Instantiated megafunction "RAM_2P_16_8:RAM1|altsyncram:s_memory_rtl_0" with the following parameter:
    Info (12134): Parameter "OPERATION_MODE" = "DUAL_PORT"
    Info (12134): Parameter "WIDTH_A" = "8"
    Info (12134): Parameter "WIDTHAD_A" = "4"
    Info (12134): Parameter "NUMWORDS_A" = "16"
    Info (12134): Parameter "WIDTH_B" = "8"
    Info (12134): Parameter "WIDTHAD_B" = "4"
    Info (12134): Parameter "NUMWORDS_B" = "16"
    Info (12134): Parameter "ADDRESS_ACLR_A" = "NONE"
    Info (12134): Parameter "OUTDATA_REG_B" = "UNREGISTERED"
    Info (12134): Parameter "ADDRESS_ACLR_B" = "NONE"
    Info (12134): Parameter "OUTDATA_ACLR_B" = "NONE"
    Info (12134): Parameter "ADDRESS_REG_B" = "CLOCK0"
    Info (12134): Parameter "INDATA_ACLR_A" = "NONE"
    Info (12134): Parameter "WRCONTROL_ACLR_A" = "NONE"
Info (12021): Found 1 design units, including 1 entities, in source file db/altsyncram_u9c1.tdf
    Info (12023): Found entity 1: altsyncram_u9c1 File: C:/Users/Pedro/Documents/Universidade de Aveiro/LSD/LSD-Docs/Aula10/Parte3/db/altsyncram_u9c1.tdf Line: 28
Info (286030): Timing-Driven Synthesis is running
Info (16010): Generating hard_block partition "hard_block:auto_generated_inst"
    Info (16011): Adding 0 node(s), including 0 DDIO, 0 PLL, 0 transceiver and 0 LCELL
Info (21057): Implemented 123 device resources after synthesis - the final resource count might be different
    Info (21058): Implemented 14 input pins
    Info (21059): Implemented 8 output pins
    Info (21061): Implemented 93 logic cells
    Info (21064): Implemented 8 RAM segments
Info: Quartus Prime Analysis & Synthesis was successful. 0 errors, 3 warnings
    Info: Peak virtual memory: 867 megabytes
    Info: Processing ended: Tue May 16 19:31:10 2017
    Info: Elapsed time: 00:00:12
    Info: Total CPU time (on all processors): 00:00:26


